\BOOKMARK [1][-]{section.1}{\376\377\000U\000n\000i\000t\000\040\0001\000:\000\040\000I\000n\000t\000r\000o\000d\000u\000c\000t\000i\000o\000n\000\040\000t\000o\000\040\000T\000i\000m\000e\000\040\000S\000e\000r\000i\000e\000s\000\040\000A\000n\000a\000l\000y\000s\000i\000s}{}% 1
\BOOKMARK [2][-]{subsection.1.1}{\376\377\000W\000h\000a\000t\000\040\000i\000s\000\040\000T\000i\000m\000e\000\040\000S\000e\000r\000i\000e\000s\000\040\000A\000n\000a\000l\000y\000s\000i\000s\000?}{section.1}% 2
\BOOKMARK [2][-]{subsection.1.2}{\376\377\000T\000y\000p\000e\000s\000\040\000o\000f\000\040\000T\000i\000m\000e\000\040\000S\000e\000r\000i\000e\000s\000\040\000A\000n\000a\000l\000y\000s\000i\000s}{section.1}% 3
\BOOKMARK [2][-]{subsection.1.3}{\376\377\000S\000t\000a\000t\000i\000o\000n\000a\000r\000i\000t\000y\000\040\000v\000s\000\040\000N\000o\000n\000-\000S\000t\000a\000t\000i\000o\000n\000a\000r\000i\000t\000y}{section.1}% 4
\BOOKMARK [3][-]{subsubsection.1.3.1}{\376\377\000S\000t\000a\000t\000i\000o\000n\000a\000r\000y\000\040\000T\000i\000m\000e\000\040\000S\000e\000r\000i\000e\000s}{subsection.1.3}% 5
\BOOKMARK [3][-]{subsubsection.1.3.2}{\376\377\000N\000o\000n\000-\000S\000t\000a\000t\000i\000o\000n\000a\000r\000y\000\040\000T\000i\000m\000e\000\040\000S\000e\000r\000i\000e\000s}{subsection.1.3}% 6
\BOOKMARK [3][-]{subsubsection.1.3.3}{\376\377\000T\000e\000s\000t\000i\000n\000g\000\040\000f\000o\000r\000\040\000S\000t\000a\000t\000i\000o\000n\000a\000r\000i\000t\000y}{subsection.1.3}% 7
\BOOKMARK [3][-]{subsubsection.1.3.4}{\376\377\000T\000y\000p\000e\000s\000\040\000o\000f\000\040\000S\000t\000a\000t\000i\000o\000n\000a\000r\000i\000t\000y}{subsection.1.3}% 8
\BOOKMARK [2][-]{subsection.1.4}{\376\377\000S\000e\000a\000s\000o\000n\000a\000l\000i\000t\000y}{section.1}% 9
\BOOKMARK [2][-]{subsection.1.5}{\376\377\000T\000r\000e\000n\000d\000s\000:\000\040\000P\000a\000r\000a\000m\000e\000t\000r\000i\000c\000,\000\040\000N\000o\000n\000p\000a\000r\000a\000m\000e\000t\000r\000i\000c\000,\000\040\000a\000n\000d\000\040\000N\000o\000i\000s\000e}{section.1}% 10
\BOOKMARK [3][-]{subsubsection.1.5.1}{\376\377\000P\000a\000r\000a\000m\000e\000t\000r\000i\000c\000\040\000T\000r\000e\000n\000d\000s}{subsection.1.5}% 11
\BOOKMARK [3][-]{subsubsection.1.5.2}{\376\377\000N\000o\000n\000p\000a\000r\000a\000m\000e\000t\000r\000i\000c\000\040\000T\000r\000e\000n\000d\000s}{subsection.1.5}% 12
\BOOKMARK [3][-]{subsubsection.1.5.3}{\376\377\000N\000o\000i\000s\000e\000\040\000\050\000I\000r\000r\000e\000g\000u\000l\000a\000r\000\040\000C\000o\000m\000p\000o\000n\000e\000n\000t\000\051}{subsection.1.5}% 13
\BOOKMARK [2][-]{subsection.1.6}{\376\377\000C\000o\000m\000p\000o\000n\000e\000n\000t\000s\000\040\000o\000f\000\040\000a\000\040\000T\000i\000m\000e\000\040\000S\000e\000r\000i\000e\000s}{section.1}% 14
\BOOKMARK [1][-]{section.2}{\376\377\000U\000n\000i\000t\000\040\0002\000:\000\040\000S\000t\000a\000t\000i\000o\000n\000a\000r\000y\000\040\000T\000i\000m\000e\000\040\000S\000e\000r\000i\000e\000s}{}% 15
\BOOKMARK [2][-]{subsection.2.1}{\376\377\000F\000o\000r\000m\000a\000l\000\040\000D\000e\000f\000i\000n\000i\000t\000i\000o\000n\000\040\000o\000f\000\040\000a\000\040\000T\000i\000m\000e\000\040\000S\000e\000r\000i\000e\000s}{section.2}% 16
\BOOKMARK [2][-]{subsection.2.2}{\376\377\000S\000a\000m\000p\000l\000e\000\040\000M\000e\000a\000n\000\040\000a\000n\000d\000\040\000S\000t\000a\000n\000d\000a\000r\000d\000\040\000E\000r\000r\000o\000r}{section.2}% 17
\BOOKMARK [2][-]{subsection.2.3}{\376\377\000S\000t\000a\000t\000i\000o\000n\000a\000r\000y\000\040\000P\000r\000o\000c\000e\000s\000s\000e\000s}{section.2}% 18
\BOOKMARK [2][-]{subsection.2.4}{\376\377\000S\000t\000a\000t\000i\000s\000t\000i\000c\000a\000l\000\040\000I\000n\000f\000e\000r\000e\000n\000c\000e\000\040\000f\000o\000r\000\040\000T\000i\000m\000e\000\040\000S\000e\000r\000i\000e\000s}{section.2}% 19
\BOOKMARK [2][-]{subsection.2.5}{\376\377\000T\000h\000e\000\040\000C\000o\000r\000r\000e\000l\000o\000g\000r\000a\000m\000\040\000\050\000A\000C\000F\000\040\000a\000n\000d\000\040\000P\000A\000C\000F\000\051}{section.2}% 20
\BOOKMARK [1][-]{section.3}{\376\377\000U\000n\000i\000t\000\040\0003\000:\000\040\000L\000i\000n\000e\000a\000r\000\040\000T\000i\000m\000e\000\040\000S\000e\000r\000i\000e\000s\000\040\000M\000o\000d\000e\000l\000s}{}% 21
\BOOKMARK [2][-]{subsection.3.1}{\376\377\000M\000o\000t\000i\000v\000a\000t\000i\000o\000n\000\040\000f\000o\000r\000\040\000L\000i\000n\000e\000a\000r\000\040\000T\000i\000m\000e\000\040\000S\000e\000r\000i\000e\000s\000\040\000M\000o\000d\000e\000l\000s}{section.3}% 22
\BOOKMARK [2][-]{subsection.3.2}{\376\377\000T\000h\000e\000\040\000A\000u\000t\000o\000r\000e\000g\000r\000e\000s\000s\000i\000v\000e\000\040\000\050\000A\000R\000\051\000\040\000M\000o\000d\000e\000l}{section.3}% 23
\BOOKMARK [3][-]{subsubsection.3.2.1}{\376\377\000A\000R\000\050\0001\000\051\000\040\000M\000o\000d\000e\000l}{subsection.3.2}% 24
\BOOKMARK [3][-]{subsubsection.3.2.2}{\376\377\000A\000R\000\050\0002\000\051\000\040\000M\000o\000d\000e\000l}{subsection.3.2}% 25
\BOOKMARK [2][-]{subsection.3.3}{\376\377\000T\000h\000e\000\040\000M\000o\000v\000i\000n\000g\000\040\000A\000v\000e\000r\000a\000g\000e\000\040\000\050\000M\000A\000\051\000\040\000M\000o\000d\000e\000l}{section.3}% 26
\BOOKMARK [3][-]{subsubsection.3.3.1}{\376\377\000M\000A\000\050\0001\000\051\000\040\000M\000o\000d\000e\000l}{subsection.3.3}% 27
\BOOKMARK [2][-]{subsection.3.4}{\376\377\000T\000h\000e\000\040\000A\000R\000M\000A\000\040\000M\000o\000d\000e\000l}{section.3}% 28
\BOOKMARK [2][-]{subsection.3.5}{\376\377\000T\000h\000e\000\040\000A\000R\000I\000M\000A\000\040\000M\000o\000d\000e\000l}{section.3}% 29
\BOOKMARK [2][-]{subsection.3.6}{\376\377\000T\000h\000e\000\040\000S\000A\000R\000I\000M\000A\000\040\000M\000o\000d\000e\000l}{section.3}% 30
\BOOKMARK [2][-]{subsection.3.7}{\376\377\000U\000n\000i\000t\000\040\000R\000o\000o\000t\000s\000,\000\040\000I\000n\000t\000e\000g\000r\000a\000t\000e\000d\000\040\000a\000n\000d\000\040\000N\000o\000n\000-\000I\000n\000v\000e\000r\000t\000i\000b\000l\000e\000\040\000P\000r\000o\000c\000e\000s\000s\000e\000s}{section.3}% 31
\BOOKMARK [3][-]{subsubsection.3.7.1}{\376\377\000U\000n\000i\000t\000\040\000R\000o\000o\000t\000s}{subsection.3.7}% 32
\BOOKMARK [3][-]{subsubsection.3.7.2}{\376\377\000I\000n\000t\000e\000g\000r\000a\000t\000e\000d\000\040\000P\000r\000o\000c\000e\000s\000s\000e\000s}{subsection.3.7}% 33
\BOOKMARK [3][-]{subsubsection.3.7.3}{\376\377\000N\000o\000n\000-\000I\000n\000v\000e\000r\000t\000i\000b\000l\000e\000\040\000P\000r\000o\000c\000e\000s\000s\000e\000s}{subsection.3.7}% 34
\BOOKMARK [2][-]{subsection.3.8}{\376\377\000B\000o\000x\000-\000J\000e\000n\000k\000i\000n\000s\000\040\000M\000o\000d\000e\000l\000\040\000S\000e\000l\000e\000c\000t\000i\000o\000n}{section.3}% 35
\BOOKMARK [2][-]{subsection.3.9}{\376\377\000S\000i\000m\000u\000l\000a\000t\000i\000n\000g\000\040\000f\000r\000o\000m\000\040\000a\000n\000\040\000A\000u\000t\000o\000r\000e\000g\000r\000e\000s\000s\000i\000v\000e\000\040\000P\000r\000o\000c\000e\000s\000s}{section.3}% 36
\BOOKMARK [1][-]{section.4}{\376\377\000U\000n\000i\000t\000\040\0004\000:\000\040\000P\000r\000e\000d\000i\000c\000t\000i\000o\000n\000\040\000a\000n\000d\000\040\000F\000o\000r\000e\000c\000a\000s\000t\000i\000n\000g}{}% 37
\BOOKMARK [2][-]{subsection.4.1}{\376\377\000U\000s\000i\000n\000g\000\040\000P\000r\000e\000d\000i\000c\000t\000i\000o\000n\000\040\000i\000n\000\040\000E\000s\000t\000i\000m\000a\000t\000i\000n\000g\000\040\000T\000i\000m\000e\000\040\000S\000e\000r\000i\000e\000s}{section.4}% 38
\BOOKMARK [2][-]{subsection.4.2}{\376\377\000F\000o\000r\000e\000c\000a\000s\000t\000i\000n\000g\000\040\000f\000o\000r\000\040\000A\000u\000t\000o\000r\000e\000g\000r\000e\000s\000s\000i\000v\000e\000\040\000P\000r\000o\000c\000e\000s\000s\000e\000s}{section.4}% 39
\BOOKMARK [2][-]{subsection.4.3}{\376\377\000F\000o\000r\000e\000c\000a\000s\000t\000i\000n\000g\000\040\000f\000o\000r\000\040\000A\000R\000M\000A\000\040\000P\000r\000o\000c\000e\000s\000s\000e\000s}{section.4}% 40
\BOOKMARK [2][-]{subsection.4.4}{\376\377\000F\000o\000r\000e\000c\000a\000s\000t\000i\000n\000g\000\040\000U\000s\000i\000n\000g\000\040\000t\000h\000e\000\040\000I\000n\000f\000i\000n\000i\000t\000e\000\040\000P\000a\000s\000t}{section.4}% 41
\BOOKMARK [2][-]{subsection.4.5}{\376\377\000L\000e\000v\000i\000n\000s\000o\000n\000-\000D\000u\000r\000b\000i\000n\000\040\000A\000l\000g\000o\000r\000i\000t\000h\000m}{section.4}% 42
\BOOKMARK [2][-]{subsection.4.6}{\376\377\000T\000h\000e\000\040\000K\000a\000l\000m\000a\000n\000\040\000F\000i\000l\000t\000e\000r}{section.4}% 43
\BOOKMARK [2][-]{subsection.4.7}{\376\377\000A\000u\000t\000o\000m\000a\000t\000e\000d\000\040\000F\000o\000r\000e\000c\000a\000s\000t\000i\000n\000g\000\040\000S\000y\000s\000t\000e\000m\000s}{section.4}% 44
\BOOKMARK [3][-]{subsubsection.4.7.1}{\376\377\000A\000u\000t\000o\000-\000A\000R\000I\000M\000A}{subsection.4.7}% 45
\BOOKMARK [3][-]{subsubsection.4.7.2}{\376\377\000P\000r\000o\000p\000h\000e\000t}{subsection.4.7}% 46
\BOOKMARK [3][-]{subsubsection.4.7.3}{\376\377\000A\000u\000t\000o\000M\000L\000\040\000f\000o\000r\000\040\000T\000i\000m\000e\000\040\000S\000e\000r\000i\000e\000s}{subsection.4.7}% 47
\BOOKMARK [1][-]{section.5}{\376\377\000U\000n\000i\000t\000\040\0005\000:\000\040\000M\000o\000d\000e\000l\000s\000\040\000w\000i\000t\000h\000\040\000T\000r\000e\000n\000d\000,\000\040\000U\000n\000i\000t\000\040\000R\000o\000o\000t\000\040\000T\000e\000s\000t\000s\000,\000\040\000a\000n\000d\000\040\000M\000o\000n\000t\000e\000\040\000C\000a\000r\000l\000o}{}% 48
\BOOKMARK [2][-]{subsection.5.1}{\376\377\000R\000e\000m\000o\000v\000i\000n\000g\000\040\000T\000r\000e\000n\000d}{section.5}% 49
\BOOKMARK [2][-]{subsection.5.2}{\376\377\000D\000i\000c\000k\000e\000y\000-\000F\000u\000l\000l\000e\000r\000\040\000T\000e\000s\000t\000s}{section.5}% 50
\BOOKMARK [2][-]{subsection.5.3}{\376\377\000T\000h\000e\000\040\000M\000o\000n\000t\000e\000\040\000C\000a\000r\000l\000o\000\040\000M\000e\000t\000h\000o\000d}{section.5}% 51
\BOOKMARK [1][-]{section.6}{\376\377\000U\000n\000i\000t\000\040\0006\000:\000\040\000M\000u\000l\000t\000i\000e\000q\000u\000a\000t\000i\000o\000n\000\040\000T\000i\000m\000e\000\040\000S\000e\000r\000i\000e\000s\000\040\000M\000o\000d\000e\000l\000s}{}% 52
\BOOKMARK [2][-]{subsection.6.1}{\376\377\000I\000n\000t\000e\000r\000v\000e\000n\000t\000i\000o\000n\000\040\000A\000n\000a\000l\000y\000s\000i\000s}{section.6}% 53
\BOOKMARK [2][-]{subsection.6.2}{\376\377\000A\000u\000t\000o\000r\000e\000g\000r\000e\000s\000s\000i\000v\000e\000\040\000D\000i\000s\000t\000r\000i\000b\000u\000t\000e\000d\000\040\000L\000a\000g\000\040\000\050\000A\000D\000L\000\051\000\040\000M\000o\000d\000e\000l}{section.6}% 54
\BOOKMARK [2][-]{subsection.6.3}{\376\377\000T\000r\000a\000n\000s\000f\000e\000r\000\040\000F\000u\000n\000c\000t\000i\000o\000n\000\040\000M\000o\000d\000e\000l}{section.6}% 55
\BOOKMARK [2][-]{subsection.6.4}{\376\377\000V\000e\000c\000t\000o\000r\000\040\000A\000u\000t\000o\000r\000e\000g\000r\000e\000s\000s\000i\000v\000e\000\040\000\050\000V\000A\000R\000\051\000\040\000M\000o\000d\000e\000l}{section.6}% 56
\BOOKMARK [2][-]{subsection.6.5}{\376\377\000V\000e\000c\000t\000o\000r\000\040\000E\000r\000r\000o\000r\000\040\000C\000o\000r\000r\000e\000c\000t\000i\000o\000n\000\040\000M\000o\000d\000e\000l\000\040\000\050\000V\000E\000C\000M\000\051}{section.6}% 57
\BOOKMARK [2][-]{subsection.6.6}{\376\377\000S\000t\000r\000u\000c\000t\000u\000r\000a\000l\000\040\000V\000A\000R\000\040\000\050\000S\000V\000A\000R\000\051}{section.6}% 58
\BOOKMARK [2][-]{subsection.6.7}{\376\377\000T\000i\000m\000e\000-\000V\000a\000r\000y\000i\000n\000g\000\040\000P\000a\000r\000a\000m\000e\000t\000e\000r\000\040\000V\000A\000R\000\040\000\050\000T\000V\000P\000-\000V\000A\000R\000\051}{section.6}% 59
\BOOKMARK [2][-]{subsection.6.8}{\376\377\000B\000a\000y\000e\000s\000i\000a\000n\000\040\000V\000A\000R\000\040\000\050\000B\000V\000A\000R\000\051}{section.6}% 60
\BOOKMARK [1][-]{section.7}{\376\377\000U\000n\000i\000t\000\040\0007\000:\000\040\000M\000u\000l\000t\000i\000v\000a\000r\000i\000a\000t\000e\000\040\000T\000i\000m\000e\000\040\000S\000e\000r\000i\000e\000s}{}% 61
\BOOKMARK [2][-]{subsection.7.1}{\376\377\000B\000a\000c\000k\000g\000r\000o\000u\000n\000d\000:\000\040\000S\000e\000q\000u\000e\000n\000c\000e\000s\000\040\000a\000n\000d\000\040\000F\000u\000n\000c\000t\000i\000o\000n\000s}{section.7}% 62
\BOOKMARK [2][-]{subsection.7.2}{\376\377\000C\000o\000n\000v\000o\000l\000u\000t\000i\000o\000n}{section.7}% 63
\BOOKMARK [2][-]{subsection.7.3}{\376\377\000S\000p\000e\000c\000t\000r\000a\000l\000\040\000R\000e\000p\000r\000e\000s\000e\000n\000t\000a\000t\000i\000o\000n\000s\000\040\000a\000n\000d\000\040\000M\000e\000a\000n\000\040\000S\000q\000u\000a\000r\000e\000d\000\040\000E\000r\000r\000o\000r}{section.7}% 64
\BOOKMARK [3][-]{subsubsection.7.3.1}{\376\377\000S\000p\000e\000c\000t\000r\000a\000l\000\040\000R\000e\000p\000r\000e\000s\000e\000n\000t\000a\000t\000i\000o\000n\000s}{subsection.7.3}% 65
\BOOKMARK [3][-]{subsubsection.7.3.2}{\376\377\000M\000e\000a\000n\000\040\000S\000q\000u\000a\000r\000e\000d\000\040\000E\000r\000r\000o\000r}{subsection.7.3}% 66
\BOOKMARK [2][-]{subsection.7.4}{\376\377\000M\000u\000l\000t\000i\000v\000a\000r\000i\000a\000t\000e\000\040\000T\000i\000m\000e\000\040\000S\000e\000r\000i\000e\000s\000\040\000R\000e\000g\000r\000e\000s\000s\000i\000o\000n\000:\000\040\000C\000o\000n\000d\000i\000t\000i\000o\000n\000a\000l\000\040\000I\000n\000d\000e\000p\000e\000n\000d\000e\000n\000c\000e}{section.7}% 67
\BOOKMARK [2][-]{subsection.7.5}{\376\377\000P\000a\000r\000t\000i\000a\000l\000\040\000C\000o\000r\000r\000e\000l\000a\000t\000i\000o\000n\000\040\000a\000n\000d\000\040\000C\000o\000h\000e\000r\000e\000n\000c\000y}{section.7}% 68
\BOOKMARK [1][-]{section.8}{\376\377\000U\000n\000i\000t\000\040\0008\000:\000\040\000N\000o\000n\000l\000i\000n\000e\000a\000r\000\040\000T\000i\000m\000e\000\040\000S\000e\000r\000i\000e\000s\000\040\000M\000o\000d\000e\000l\000s}{}% 69
\BOOKMARK [2][-]{subsection.8.1}{\376\377\000T\000h\000e\000\040\000A\000R\000C\000H\000\040\000M\000o\000d\000e\000l}{section.8}% 70
\BOOKMARK [2][-]{subsection.8.2}{\376\377\000T\000h\000e\000\040\000G\000A\000R\000C\000H\000\040\000M\000o\000d\000e\000l}{section.8}% 71
\BOOKMARK [2][-]{subsection.8.3}{\376\377\000B\000i\000l\000i\000n\000e\000a\000r\000\040\000A\000u\000t\000o\000r\000e\000g\000r\000e\000s\000s\000i\000v\000e\000\040\000\050\000B\000A\000R\000\051\000\040\000M\000o\000d\000e\000l}{section.8}% 72
\BOOKMARK [2][-]{subsection.8.4}{\376\377\000S\000t\000o\000c\000h\000a\000s\000t\000i\000c\000\040\000V\000o\000l\000a\000t\000i\000l\000i\000t\000y\000\040\000\050\000S\000V\000\051\000\040\000M\000o\000d\000e\000l\000s}{section.8}% 73
\BOOKMARK [2][-]{subsection.8.5}{\376\377\000N\000o\000n\000l\000i\000n\000e\000a\000r\000\040\000A\000u\000t\000o\000r\000e\000g\000r\000e\000s\000s\000i\000v\000e\000\040\000M\000o\000d\000e\000l\000s\000\040\000\050\000N\000A\000R\000\040\000a\000n\000d\000\040\000N\000A\000R\000X\000\051}{section.8}% 74
\BOOKMARK [3][-]{subsubsection.8.5.1}{\376\377\000N\000A\000R\000\040\040\024\000\040\000N\000o\000n\000l\000i\000n\000e\000a\000r\000\040\000A\000u\000t\000o\000r\000e\000g\000r\000e\000s\000s\000i\000v\000e\000\040\000M\000o\000d\000e\000l}{subsection.8.5}% 75
\BOOKMARK [3][-]{subsubsection.8.5.2}{\376\377\000N\000A\000R\000X\000\040\040\024\000\040\000N\000o\000n\000l\000i\000n\000e\000a\000r\000\040\000A\000u\000t\000o\000r\000e\000g\000r\000e\000s\000s\000i\000v\000e\000\040\000w\000i\000t\000h\000\040\000E\000x\000o\000g\000e\000n\000o\000u\000s\000\040\000I\000n\000p\000u\000t\000s}{subsection.8.5}% 76
\BOOKMARK [1][-]{section.9}{\376\377\000V\000i\000s\000u\000a\000l\000\040\000D\000i\000a\000g\000r\000a\000m\000s\000\040\000f\000o\000r\000\040\000T\000i\000m\000e\000\040\000S\000e\000r\000i\000e\000s\000\040\000C\000o\000n\000c\000e\000p\000t\000s}{}% 77
\BOOKMARK [2][-]{subsection.9.1}{\376\377\000A\000C\000F\000\040\000a\000n\000d\000\040\000P\000A\000C\000F\000\040\000I\000d\000e\000n\000t\000i\000f\000i\000c\000a\000t\000i\000o\000n\000\040\000F\000l\000o\000w\000c\000h\000a\000r\000t}{section.9}% 78
\BOOKMARK [2][-]{subsection.9.2}{\376\377\000S\000e\000a\000s\000o\000n\000a\000l\000\040\000D\000e\000c\000o\000m\000p\000o\000s\000i\000t\000i\000o\000n\000\040\000D\000i\000a\000g\000r\000a\000m}{section.9}% 79
\BOOKMARK [2][-]{subsection.9.3}{\376\377\000A\000R\000\050\0001\000\051\000\040\000S\000t\000a\000t\000i\000o\000n\000a\000r\000i\000t\000y\000\040\000B\000e\000h\000a\000v\000i\000o\000r\000\040\000D\000i\000a\000g\000r\000a\000m}{section.9}% 80
\BOOKMARK [1][-]{section.10}{\376\377\000M\000o\000d\000e\000l\000\040\000I\000d\000e\000n\000t\000i\000f\000i\000c\000a\000t\000i\000o\000n\000\040\000S\000u\000m\000m\000a\000r\000y\000:\000\040\000A\000C\000F\000\040\000a\000n\000d\000\040\000P\000A\000C\000F\000\040\000R\000u\000l\000e\000s}{}% 81
