This is pdfTeX, Version 3.141592653-2.6-1.40.25 (TeX Live 2023/Debian) (preloaded format=pdflatex 2026.4.14)  12 MAY 2026 13:15
entering extended mode
 restricted \write18 enabled.
 %&-line parsing enabled.
**CV-complete-study-source.tex
(./CV-complete-study-source.tex
LaTeX2e <2023-11-01> patch level 1
L3 programming layer <2024-01-22>
(/usr/share/texlive/texmf-dist/tex/latex/base/article.cls
Document Class: article 2023/05/17 v1.4n Standard LaTeX document class
(/usr/share/texlive/texmf-dist/tex/latex/base/size11.clo
File: size11.clo 2023/05/17 v1.4n Standard LaTeX file (size option)
)
\c@part=\count187
\c@section=\count188
\c@subsection=\count189
\c@subsubsection=\count190
\c@paragraph=\count191
\c@subparagraph=\count192
\c@figure=\count193
\c@table=\count194
\abovecaptionskip=\skip48
\belowcaptionskip=\skip49
\bibindent=\dimen140
)
(/usr/share/texlive/texmf-dist/tex/latex/base/inputenc.sty
Package: inputenc 2021/02/14 v1.3d Input encoding file
\inpenc@prehook=\toks17
\inpenc@posthook=\toks18
)
(/usr/share/texlive/texmf-dist/tex/latex/base/fontenc.sty
Package: fontenc 2021/04/29 v2.0v Standard LaTeX package
)
(/usr/share/texmf/tex/latex/lm/lmodern.sty
Package: lmodern 2015/05/01 v1.6.1 Latin Modern Fonts
LaTeX Font Info:    Overwriting symbol font `operators' in version `normal'
(Font)                  OT1/cmr/m/n --> OT1/lmr/m/n on input line 22.
LaTeX Font Info:    Overwriting symbol font `letters' in version `normal'
(Font)                  OML/cmm/m/it --> OML/lmm/m/it on input line 23.
LaTeX Font Info:    Overwriting symbol font `symbols' in version `normal'
(Font)                  OMS/cmsy/m/n --> OMS/lmsy/m/n on input line 24.
LaTeX Font Info:    Overwriting symbol font `largesymbols' in version `normal'
(Font)                  OMX/cmex/m/n --> OMX/lmex/m/n on input line 25.
LaTeX Font Info:    Overwriting symbol font `operators' in version `bold'
(Font)                  OT1/cmr/bx/n --> OT1/lmr/bx/n on input line 26.
LaTeX Font Info:    Overwriting symbol font `letters' in version `bold'
(Font)                  OML/cmm/b/it --> OML/lmm/b/it on input line 27.
LaTeX Font Info:    Overwriting symbol font `symbols' in version `bold'
(Font)                  OMS/cmsy/b/n --> OMS/lmsy/b/n on input line 28.
LaTeX Font Info:    Overwriting symbol font `largesymbols' in version `bold'
(Font)                  OMX/cmex/m/n --> OMX/lmex/m/n on input line 29.
LaTeX Font Info:    Overwriting math alphabet `\mathbf' in version `normal'
(Font)                  OT1/cmr/bx/n --> OT1/lmr/bx/n on input line 31.
LaTeX Font Info:    Overwriting math alphabet `\mathsf' in version `normal'
(Font)                  OT1/cmss/m/n --> OT1/lmss/m/n on input line 32.
LaTeX Font Info:    Overwriting math alphabet `\mathit' in version `normal'
(Font)                  OT1/cmr/m/it --> OT1/lmr/m/it on input line 33.
LaTeX Font Info:    Overwriting math alphabet `\mathtt' in version `normal'
(Font)                  OT1/cmtt/m/n --> OT1/lmtt/m/n on input line 34.
LaTeX Font Info:    Overwriting math alphabet `\mathbf' in version `bold'
(Font)                  OT1/cmr/bx/n --> OT1/lmr/bx/n on input line 35.
LaTeX Font Info:    Overwriting math alphabet `\mathsf' in version `bold'
(Font)                  OT1/cmss/bx/n --> OT1/lmss/bx/n on input line 36.
LaTeX Font Info:    Overwriting math alphabet `\mathit' in version `bold'
(Font)                  OT1/cmr/bx/it --> OT1/lmr/bx/it on input line 37.
LaTeX Font Info:    Overwriting math alphabet `\mathtt' in version `bold'
(Font)                  OT1/cmtt/m/n --> OT1/lmtt/m/n on input line 38.
)
(/usr/share/texlive/texmf-dist/tex/latex/amsmath/amsmath.sty
Package: amsmath 2023/05/13 v2.17o AMS math features
\@mathmargin=\skip50

For additional information on amsmath, use the `?' option.
(/usr/share/texlive/texmf-dist/tex/latex/amsmath/amstext.sty
Package: amstext 2021/08/26 v2.01 AMS text

(/usr/share/texlive/texmf-dist/tex/latex/amsmath/amsgen.sty
File: amsgen.sty 1999/11/30 v2.0 generic functions
\@emptytoks=\toks19
\ex@=\dimen141
))
(/usr/share/texlive/texmf-dist/tex/latex/amsmath/amsbsy.sty
Package: amsbsy 1999/11/29 v1.2d Bold Symbols
\pmbraise@=\dimen142
)
(/usr/share/texlive/texmf-dist/tex/latex/amsmath/amsopn.sty
Package: amsopn 2022/04/08 v2.04 operator names
)
\inf@bad=\count195
LaTeX Info: Redefining \frac on input line 234.
\uproot@=\count196
\leftroot@=\count197
LaTeX Info: Redefining \overline on input line 399.
LaTeX Info: Redefining \colon on input line 410.
\classnum@=\count198
\DOTSCASE@=\count199
LaTeX Info: Redefining \ldots on input line 496.
LaTeX Info: Redefining \dots on input line 499.
LaTeX Info: Redefining \cdots on input line 620.
\Mathstrutbox@=\box51
\strutbox@=\box52
LaTeX Info: Redefining \big on input line 722.
LaTeX Info: Redefining \Big on input line 723.
LaTeX Info: Redefining \bigg on input line 724.
LaTeX Info: Redefining \Bigg on input line 725.
\big@size=\dimen143
LaTeX Font Info:    Redeclaring font encoding OML on input line 743.
LaTeX Font Info:    Redeclaring font encoding OMS on input line 744.
\macc@depth=\count266
LaTeX Info: Redefining \bmod on input line 905.
LaTeX Info: Redefining \pmod on input line 910.
LaTeX Info: Redefining \smash on input line 940.
LaTeX Info: Redefining \relbar on input line 970.
LaTeX Info: Redefining \Relbar on input line 971.
\c@MaxMatrixCols=\count267
\dotsspace@=\muskip16
\c@parentequation=\count268
\dspbrk@lvl=\count269
\tag@help=\toks20
\row@=\count270
\column@=\count271
\maxfields@=\count272
\andhelp@=\toks21
\eqnshift@=\dimen144
\alignsep@=\dimen145
\tagshift@=\dimen146
\tagwidth@=\dimen147
\totwidth@=\dimen148
\lineht@=\dimen149
\@envbody=\toks22
\multlinegap=\skip51
\multlinetaggap=\skip52
\mathdisplay@stack=\toks23
LaTeX Info: Redefining \[ on input line 2953.
LaTeX Info: Redefining \] on input line 2954.
)
(/usr/share/texlive/texmf-dist/tex/latex/amsfonts/amssymb.sty
Package: amssymb 2013/01/14 v3.01 AMS font symbols

(/usr/share/texlive/texmf-dist/tex/latex/amsfonts/amsfonts.sty
Package: amsfonts 2013/01/14 v3.01 Basic AMSFonts support
\symAMSa=\mathgroup4
\symAMSb=\mathgroup5
LaTeX Font Info:    Redeclaring math symbol \hbar on input line 98.
LaTeX Font Info:    Overwriting math alphabet `\mathfrak' in version `bold'
(Font)                  U/euf/m/n --> U/euf/b/n on input line 106.
))
(/usr/share/texlive/texmf-dist/tex/latex/graphics/graphicx.sty
Package: graphicx 2021/09/16 v1.2d Enhanced LaTeX Graphics (DPC,SPQR)

(/usr/share/texlive/texmf-dist/tex/latex/graphics/keyval.sty
Package: keyval 2022/05/29 v1.15 key=value parser (DPC)
\KV@toks@=\toks24
)
(/usr/share/texlive/texmf-dist/tex/latex/graphics/graphics.sty
Package: graphics 2022/03/10 v1.4e Standard LaTeX Graphics (DPC,SPQR)

(/usr/share/texlive/texmf-dist/tex/latex/graphics/trig.sty
Package: trig 2021/08/11 v1.11 sin cos tan (DPC)
)
(/usr/share/texlive/texmf-dist/tex/latex/graphics-cfg/graphics.cfg
File: graphics.cfg 2016/06/04 v1.11 sample graphics configuration
)
Package graphics Info: Driver file: pdftex.def on input line 107.

(/usr/share/texlive/texmf-dist/tex/latex/graphics-def/pdftex.def
File: pdftex.def 2022/09/22 v1.2b Graphics/color driver for pdftex
))
\Gin@req@height=\dimen150
\Gin@req@width=\dimen151
)
(/usr/share/texlive/texmf-dist/tex/latex/booktabs/booktabs.sty
Package: booktabs 2020/01/12 v1.61803398 Publication quality tables
\heavyrulewidth=\dimen152
\lightrulewidth=\dimen153
\cmidrulewidth=\dimen154
\belowrulesep=\dimen155
\belowbottomsep=\dimen156
\aboverulesep=\dimen157
\abovetopsep=\dimen158
\cmidrulesep=\dimen159
\cmidrulekern=\dimen160
\defaultaddspace=\dimen161
\@cmidla=\count273
\@cmidlb=\count274
\@aboverulesep=\dimen162
\@belowrulesep=\dimen163
\@thisruleclass=\count275
\@lastruleclass=\count276
\@thisrulewidth=\dimen164
)
(/usr/share/texlive/texmf-dist/tex/latex/geometry/geometry.sty
Package: geometry 2020/01/02 v5.9 Page Geometry

(/usr/share/texlive/texmf-dist/tex/generic/iftex/ifvtex.sty
Package: ifvtex 2019/10/25 v1.7 ifvtex legacy package. Use iftex instead.

(/usr/share/texlive/texmf-dist/tex/generic/iftex/iftex.sty
Package: iftex 2022/02/03 v1.0f TeX engine tests
))
\Gm@cnth=\count277
\Gm@cntv=\count278
\c@Gm@tempcnt=\count279
\Gm@bindingoffset=\dimen165
\Gm@wd@mp=\dimen166
\Gm@odd@mp=\dimen167
\Gm@even@mp=\dimen168
\Gm@layoutwidth=\dimen169
\Gm@layoutheight=\dimen170
\Gm@layouthoffset=\dimen171
\Gm@layoutvoffset=\dimen172
\Gm@dimlist=\toks25
)
(/usr/share/texlive/texmf-dist/tex/latex/hyperref/hyperref.sty
Package: hyperref 2024-01-20 v7.01h Hypertext links for LaTeX

(/usr/share/texlive/texmf-dist/tex/latex/kvsetkeys/kvsetkeys.sty
Package: kvsetkeys 2022-10-05 v1.19 Key value parser (HO)
)
(/usr/share/texlive/texmf-dist/tex/generic/kvdefinekeys/kvdefinekeys.sty
Package: kvdefinekeys 2019-12-19 v1.6 Define keys (HO)
)
(/usr/share/texlive/texmf-dist/tex/generic/pdfescape/pdfescape.sty
Package: pdfescape 2019/12/09 v1.15 Implements pdfTeX's escape features (HO)

(/usr/share/texlive/texmf-dist/tex/generic/ltxcmds/ltxcmds.sty
Package: ltxcmds 2023-12-04 v1.26 LaTeX kernel commands for general use (HO)
)
(/usr/share/texlive/texmf-dist/tex/generic/pdftexcmds/pdftexcmds.sty
Package: pdftexcmds 2020-06-27 v0.33 Utility functions of pdfTeX for LuaTeX (HO
)

(/usr/share/texlive/texmf-dist/tex/generic/infwarerr/infwarerr.sty
Package: infwarerr 2019/12/03 v1.5 Providing info/warning/error messages (HO)
)
Package pdftexcmds Info: \pdf@primitive is available.
Package pdftexcmds Info: \pdf@ifprimitive is available.
Package pdftexcmds Info: \pdfdraftmode found.
))
(/usr/share/texlive/texmf-dist/tex/latex/hycolor/hycolor.sty
Package: hycolor 2020-01-27 v1.10 Color options for hyperref/bookmark (HO)
)
(/usr/share/texlive/texmf-dist/tex/latex/auxhook/auxhook.sty
Package: auxhook 2019-12-17 v1.6 Hooks for auxiliary files (HO)
)
(/usr/share/texlive/texmf-dist/tex/latex/hyperref/nameref.sty
Package: nameref 2023-11-26 v2.56 Cross-referencing by name of section

(/usr/share/texlive/texmf-dist/tex/latex/refcount/refcount.sty
Package: refcount 2019/12/15 v3.6 Data extraction from label references (HO)
)
(/usr/share/texlive/texmf-dist/tex/generic/gettitlestring/gettitlestring.sty
Package: gettitlestring 2019/12/15 v1.6 Cleanup title references (HO)

(/usr/share/texlive/texmf-dist/tex/latex/kvoptions/kvoptions.sty
Package: kvoptions 2022-06-15 v3.15 Key value format for package options (HO)
))
\c@section@level=\count280
)
(/usr/share/texlive/texmf-dist/tex/latex/etoolbox/etoolbox.sty
Package: etoolbox 2020/10/05 v2.5k e-TeX tools for LaTeX (JAW)
\etb@tempcnta=\count281
)
\@linkdim=\dimen173
\Hy@linkcounter=\count282
\Hy@pagecounter=\count283

(/usr/share/texlive/texmf-dist/tex/latex/hyperref/pd1enc.def
File: pd1enc.def 2024-01-20 v7.01h Hyperref: PDFDocEncoding definition (HO)
Now handling font encoding PD1 ...
... no UTF-8 mapping file for font encoding PD1
)
(/usr/share/texlive/texmf-dist/tex/generic/intcalc/intcalc.sty
Package: intcalc 2019/12/15 v1.3 Expandable calculations with integers (HO)
)
\Hy@SavedSpaceFactor=\count284

(/usr/share/texlive/texmf-dist/tex/latex/hyperref/puenc.def
File: puenc.def 2024-01-20 v7.01h Hyperref: PDF Unicode definition (HO)
Now handling font encoding PU ...
... no UTF-8 mapping file for font encoding PU
)
Package hyperref Info: Hyper figures OFF on input line 4179.
Package hyperref Info: Link nesting OFF on input line 4184.
Package hyperref Info: Hyper index ON on input line 4187.
Package hyperref Info: Plain pages OFF on input line 4194.
Package hyperref Info: Backreferencing OFF on input line 4199.
Package hyperref Info: Implicit mode ON; LaTeX internals redefined.
Package hyperref Info: Bookmarks ON on input line 4446.
\c@Hy@tempcnt=\count285

(/usr/share/texlive/texmf-dist/tex/latex/url/url.sty
\Urlmuskip=\muskip17
Package: url 2013/09/16  ver 3.4  Verb mode for urls, etc.
)
LaTeX Info: Redefining \url on input line 4784.
\XeTeXLinkMargin=\dimen174

(/usr/share/texlive/texmf-dist/tex/generic/bitset/bitset.sty
Package: bitset 2019/12/09 v1.3 Handle bit-vector datatype (HO)

(/usr/share/texlive/texmf-dist/tex/generic/bigintcalc/bigintcalc.sty
Package: bigintcalc 2019/12/15 v1.5 Expandable calculations on big integers (HO
)
))
\Fld@menulength=\count286
\Field@Width=\dimen175
\Fld@charsize=\dimen176
Package hyperref Info: Hyper figures OFF on input line 6063.
Package hyperref Info: Link nesting OFF on input line 6068.
Package hyperref Info: Hyper index ON on input line 6071.
Package hyperref Info: backreferencing OFF on input line 6078.
Package hyperref Info: Link coloring OFF on input line 6083.
Package hyperref Info: Link coloring with OCG OFF on input line 6088.
Package hyperref Info: PDF/A mode OFF on input line 6093.

(/usr/share/texlive/texmf-dist/tex/latex/base/atbegshi-ltx.sty
Package: atbegshi-ltx 2021/01/10 v1.0c Emulation of the original atbegshi
package with kernel methods
)
\Hy@abspage=\count287
\c@Item=\count288
\c@Hfootnote=\count289
)
Package hyperref Info: Driver (autodetected): hpdftex.

(/usr/share/texlive/texmf-dist/tex/latex/hyperref/hpdftex.def
File: hpdftex.def 2024-01-20 v7.01h Hyperref driver for pdfTeX

(/usr/share/texlive/texmf-dist/tex/latex/base/atveryend-ltx.sty
Package: atveryend-ltx 2020/08/19 v1.0a Emulation of the original atveryend pac
kage
with kernel methods
)
\Fld@listcount=\count290
\c@bookmark@seq@number=\count291

(/usr/share/texlive/texmf-dist/tex/latex/rerunfilecheck/rerunfilecheck.sty
Package: rerunfilecheck 2022-07-10 v1.10 Rerun checks for auxiliary files (HO)

(/usr/share/texlive/texmf-dist/tex/generic/uniquecounter/uniquecounter.sty
Package: uniquecounter 2019/12/15 v1.4 Provide unlimited unique counter (HO)
)
Package uniquecounter Info: New unique counter `rerunfilecheck' on input line 2
85.
)
\Hy@SectionHShift=\skip53
)
(/usr/share/texlive/texmf-dist/tex/latex/tcolorbox/tcolorbox.sty
Package: tcolorbox 2024/01/10 version 6.2.0 text color boxes

(/usr/share/texlive/texmf-dist/tex/latex/pgf/basiclayer/pgf.sty
(/usr/share/texlive/texmf-dist/tex/latex/pgf/utilities/pgfrcs.sty
(/usr/share/texlive/texmf-dist/tex/generic/pgf/utilities/pgfutil-common.tex
\pgfutil@everybye=\toks26
\pgfutil@tempdima=\dimen177
\pgfutil@tempdimb=\dimen178
)
(/usr/share/texlive/texmf-dist/tex/generic/pgf/utilities/pgfutil-latex.def
\pgfutil@abb=\box53
)
(/usr/share/texlive/texmf-dist/tex/generic/pgf/utilities/pgfrcs.code.tex
(/usr/share/texlive/texmf-dist/tex/generic/pgf/pgf.revision.tex)
Package: pgfrcs 2023-01-15 v3.1.10 (3.1.10)
))
Package: pgf 2023-01-15 v3.1.10 (3.1.10)

(/usr/share/texlive/texmf-dist/tex/latex/pgf/basiclayer/pgfcore.sty
(/usr/share/texlive/texmf-dist/tex/latex/pgf/systemlayer/pgfsys.sty
(/usr/share/texlive/texmf-dist/tex/generic/pgf/systemlayer/pgfsys.code.tex
Package: pgfsys 2023-01-15 v3.1.10 (3.1.10)

(/usr/share/texlive/texmf-dist/tex/generic/pgf/utilities/pgfkeys.code.tex
\pgfkeys@pathtoks=\toks27
\pgfkeys@temptoks=\toks28

(/usr/share/texlive/texmf-dist/tex/generic/pgf/utilities/pgfkeyslibraryfiltered
.code.tex
\pgfkeys@tmptoks=\toks29
))
\pgf@x=\dimen179
\pgf@y=\dimen180
\pgf@xa=\dimen181
\pgf@ya=\dimen182
\pgf@xb=\dimen183
\pgf@yb=\dimen184
\pgf@xc=\dimen185
\pgf@yc=\dimen186
\pgf@xd=\dimen187
\pgf@yd=\dimen188
\w@pgf@writea=\write3
\r@pgf@reada=\read2
\c@pgf@counta=\count292
\c@pgf@countb=\count293
\c@pgf@countc=\count294
\c@pgf@countd=\count295
\t@pgf@toka=\toks30
\t@pgf@tokb=\toks31
\t@pgf@tokc=\toks32
\pgf@sys@id@count=\count296
 (/usr/share/texlive/texmf-dist/tex/generic/pgf/systemlayer/pgf.cfg
File: pgf.cfg 2023-01-15 v3.1.10 (3.1.10)
)
Driver file for pgf: pgfsys-pdftex.def
(/usr/share/texlive/texmf-dist/tex/generic/pgf/systemlayer/pgfsys-pdftex.def
File: pgfsys-pdftex.def 2023-01-15 v3.1.10 (3.1.10)

(/usr/share/texlive/texmf-dist/tex/generic/pgf/systemlayer/pgfsys-common-pdf.de
f
File: pgfsys-common-pdf.def 2023-01-15 v3.1.10 (3.1.10)
)))
(/usr/share/texlive/texmf-dist/tex/generic/pgf/systemlayer/pgfsyssoftpath.code.
tex
File: pgfsyssoftpath.code.tex 2023-01-15 v3.1.10 (3.1.10)
\pgfsyssoftpath@smallbuffer@items=\count297
\pgfsyssoftpath@bigbuffer@items=\count298
)
(/usr/share/texlive/texmf-dist/tex/generic/pgf/systemlayer/pgfsysprotocol.code.
tex
File: pgfsysprotocol.code.tex 2023-01-15 v3.1.10 (3.1.10)
)) (/usr/share/texlive/texmf-dist/tex/latex/xcolor/xcolor.sty
Package: xcolor 2023/11/15 v3.01 LaTeX color extensions (UK)

(/usr/share/texlive/texmf-dist/tex/latex/graphics-cfg/color.cfg
File: color.cfg 2016/01/02 v1.6 sample color configuration
)
Package xcolor Info: Driver file: pdftex.def on input line 274.

(/usr/share/texlive/texmf-dist/tex/latex/graphics/mathcolor.ltx)
Package xcolor Info: Model `cmy' substituted by `cmy0' on input line 1350.
Package xcolor Info: Model `hsb' substituted by `rgb' on input line 1354.
Package xcolor Info: Model `RGB' extended on input line 1366.
Package xcolor Info: Model `HTML' substituted by `rgb' on input line 1368.
Package xcolor Info: Model `Hsb' substituted by `hsb' on input line 1369.
Package xcolor Info: Model `tHsb' substituted by `hsb' on input line 1370.
Package xcolor Info: Model `HSB' substituted by `hsb' on input line 1371.
Package xcolor Info: Model `Gray' substituted by `gray' on input line 1372.
Package xcolor Info: Model `wave' substituted by `hsb' on input line 1373.
)
(/usr/share/texlive/texmf-dist/tex/generic/pgf/basiclayer/pgfcore.code.tex
Package: pgfcore 2023-01-15 v3.1.10 (3.1.10)

(/usr/share/texlive/texmf-dist/tex/generic/pgf/math/pgfmath.code.tex
(/usr/share/texlive/texmf-dist/tex/generic/pgf/math/pgfmathutil.code.tex)
(/usr/share/texlive/texmf-dist/tex/generic/pgf/math/pgfmathparser.code.tex
\pgfmath@dimen=\dimen189
\pgfmath@count=\count299
\pgfmath@box=\box54
\pgfmath@toks=\toks33
\pgfmath@stack@operand=\toks34
\pgfmath@stack@operation=\toks35
)
(/usr/share/texlive/texmf-dist/tex/generic/pgf/math/pgfmathfunctions.code.tex)
(/usr/share/texlive/texmf-dist/tex/generic/pgf/math/pgfmathfunctions.basic.code
.tex)
(/usr/share/texlive/texmf-dist/tex/generic/pgf/math/pgfmathfunctions.trigonomet
ric.code.tex)
(/usr/share/texlive/texmf-dist/tex/generic/pgf/math/pgfmathfunctions.random.cod
e.tex)
(/usr/share/texlive/texmf-dist/tex/generic/pgf/math/pgfmathfunctions.comparison
.code.tex)
(/usr/share/texlive/texmf-dist/tex/generic/pgf/math/pgfmathfunctions.base.code.
tex)
(/usr/share/texlive/texmf-dist/tex/generic/pgf/math/pgfmathfunctions.round.code
.tex)
(/usr/share/texlive/texmf-dist/tex/generic/pgf/math/pgfmathfunctions.misc.code.
tex)
(/usr/share/texlive/texmf-dist/tex/generic/pgf/math/pgfmathfunctions.integerari
thmetics.code.tex)
(/usr/share/texlive/texmf-dist/tex/generic/pgf/math/pgfmathcalc.code.tex)
(/usr/share/texlive/texmf-dist/tex/generic/pgf/math/pgfmathfloat.code.tex
\c@pgfmathroundto@lastzeros=\count300
))
(/usr/share/texlive/texmf-dist/tex/generic/pgf/math/pgfint.code.tex)
(/usr/share/texlive/texmf-dist/tex/generic/pgf/basiclayer/pgfcorepoints.code.te
x
File: pgfcorepoints.code.tex 2023-01-15 v3.1.10 (3.1.10)
\pgf@picminx=\dimen190
\pgf@picmaxx=\dimen191
\pgf@picminy=\dimen192
\pgf@picmaxy=\dimen193
\pgf@pathminx=\dimen194
\pgf@pathmaxx=\dimen195
\pgf@pathminy=\dimen196
\pgf@pathmaxy=\dimen197
\pgf@xx=\dimen198
\pgf@xy=\dimen199
\pgf@yx=\dimen256
\pgf@yy=\dimen257
\pgf@zx=\dimen258
\pgf@zy=\dimen259
)
(/usr/share/texlive/texmf-dist/tex/generic/pgf/basiclayer/pgfcorepathconstruct.
code.tex
File: pgfcorepathconstruct.code.tex 2023-01-15 v3.1.10 (3.1.10)
\pgf@path@lastx=\dimen260
\pgf@path@lasty=\dimen261
)
(/usr/share/texlive/texmf-dist/tex/generic/pgf/basiclayer/pgfcorepathusage.code
.tex
File: pgfcorepathusage.code.tex 2023-01-15 v3.1.10 (3.1.10)
\pgf@shorten@end@additional=\dimen262
\pgf@shorten@start@additional=\dimen263
)
(/usr/share/texlive/texmf-dist/tex/generic/pgf/basiclayer/pgfcorescopes.code.te
x
File: pgfcorescopes.code.tex 2023-01-15 v3.1.10 (3.1.10)
\pgfpic=\box55
\pgf@hbox=\box56
\pgf@layerbox@main=\box57
\pgf@picture@serial@count=\count301
)
(/usr/share/texlive/texmf-dist/tex/generic/pgf/basiclayer/pgfcoregraphicstate.c
ode.tex
File: pgfcoregraphicstate.code.tex 2023-01-15 v3.1.10 (3.1.10)
\pgflinewidth=\dimen264
)
(/usr/share/texlive/texmf-dist/tex/generic/pgf/basiclayer/pgfcoretransformation
s.code.tex
File: pgfcoretransformations.code.tex 2023-01-15 v3.1.10 (3.1.10)
\pgf@pt@x=\dimen265
\pgf@pt@y=\dimen266
\pgf@pt@temp=\dimen267
)
(/usr/share/texlive/texmf-dist/tex/generic/pgf/basiclayer/pgfcorequick.code.tex
File: pgfcorequick.code.tex 2023-01-15 v3.1.10 (3.1.10)
)
(/usr/share/texlive/texmf-dist/tex/generic/pgf/basiclayer/pgfcoreobjects.code.t
ex
File: pgfcoreobjects.code.tex 2023-01-15 v3.1.10 (3.1.10)
)
(/usr/share/texlive/texmf-dist/tex/generic/pgf/basiclayer/pgfcorepathprocessing
.code.tex
File: pgfcorepathprocessing.code.tex 2023-01-15 v3.1.10 (3.1.10)
)
(/usr/share/texlive/texmf-dist/tex/generic/pgf/basiclayer/pgfcorearrows.code.te
x
File: pgfcorearrows.code.tex 2023-01-15 v3.1.10 (3.1.10)
\pgfarrowsep=\dimen268
)
(/usr/share/texlive/texmf-dist/tex/generic/pgf/basiclayer/pgfcoreshade.code.tex
File: pgfcoreshade.code.tex 2023-01-15 v3.1.10 (3.1.10)
\pgf@max=\dimen269
\pgf@sys@shading@range@num=\count302
\pgf@shadingcount=\count303
)
(/usr/share/texlive/texmf-dist/tex/generic/pgf/basiclayer/pgfcoreimage.code.tex
File: pgfcoreimage.code.tex 2023-01-15 v3.1.10 (3.1.10)
)
(/usr/share/texlive/texmf-dist/tex/generic/pgf/basiclayer/pgfcoreexternal.code.
tex
File: pgfcoreexternal.code.tex 2023-01-15 v3.1.10 (3.1.10)
\pgfexternal@startupbox=\box58
)
(/usr/share/texlive/texmf-dist/tex/generic/pgf/basiclayer/pgfcorelayers.code.te
x
File: pgfcorelayers.code.tex 2023-01-15 v3.1.10 (3.1.10)
)
(/usr/share/texlive/texmf-dist/tex/generic/pgf/basiclayer/pgfcoretransparency.c
ode.tex
File: pgfcoretransparency.code.tex 2023-01-15 v3.1.10 (3.1.10)
)
(/usr/share/texlive/texmf-dist/tex/generic/pgf/basiclayer/pgfcorepatterns.code.
tex
File: pgfcorepatterns.code.tex 2023-01-15 v3.1.10 (3.1.10)
)
(/usr/share/texlive/texmf-dist/tex/generic/pgf/basiclayer/pgfcorerdf.code.tex
File: pgfcorerdf.code.tex 2023-01-15 v3.1.10 (3.1.10)
)))
(/usr/share/texlive/texmf-dist/tex/generic/pgf/modules/pgfmoduleshapes.code.tex
File: pgfmoduleshapes.code.tex 2023-01-15 v3.1.10 (3.1.10)
\pgfnodeparttextbox=\box59
) (/usr/share/texlive/texmf-dist/tex/generic/pgf/modules/pgfmoduleplot.code.tex
File: pgfmoduleplot.code.tex 2023-01-15 v3.1.10 (3.1.10)
)
(/usr/share/texlive/texmf-dist/tex/latex/pgf/compatibility/pgfcomp-version-0-65
.sty
Package: pgfcomp-version-0-65 2023-01-15 v3.1.10 (3.1.10)
\pgf@nodesepstart=\dimen270
\pgf@nodesepend=\dimen271
)
(/usr/share/texlive/texmf-dist/tex/latex/pgf/compatibility/pgfcomp-version-1-18
.sty
Package: pgfcomp-version-1-18 2023-01-15 v3.1.10 (3.1.10)
)) (/usr/share/texlive/texmf-dist/tex/latex/tools/verbatim.sty
Package: verbatim 2023-11-06 v1.5v LaTeX2e package for verbatim enhancements
\every@verbatim=\toks36
\verbatim@line=\toks37
\verbatim@in@stream=\read3
)
(/usr/share/texlive/texmf-dist/tex/latex/environ/environ.sty
Package: environ 2014/05/04 v0.3 A new way to define environments

(/usr/share/texlive/texmf-dist/tex/latex/trimspaces/trimspaces.sty
Package: trimspaces 2009/09/17 v1.1 Trim spaces around a token list
))
\tcb@titlebox=\box60
\tcb@upperbox=\box61
\tcb@lowerbox=\box62
\tcb@phantombox=\box63
\c@tcbbreakpart=\count304
\c@tcblayer=\count305
\c@tcolorbox@number=\count306
\l__tcobox_tmpa_box=\box64
\l__tcobox_tmpa_dim=\dimen272
\tcb@temp=\box65
\tcb@temp=\box66
\tcb@temp=\box67
\tcb@temp=\box68
)
(/usr/share/texlive/texmf-dist/tex/latex/enumitem/enumitem.sty
Package: enumitem 2019/06/20 v3.9 Customized lists
\labelindent=\skip54
\enit@outerparindent=\dimen273
\enit@toks=\toks38
\enit@inbox=\box69
\enit@count@id=\count307
\enitdp@description=\count308
)
(/usr/share/texlive/texmf-dist/tex/latex/float/float.sty
Package: float 2001/11/08 v1.3d Float enhancements (AL)
\c@float@type=\count309
\float@exts=\toks39
\float@box=\box70
\@float@everytoks=\toks40
\@floatcapt=\box71
)
(/usr/share/texlive/texmf-dist/tex/latex/tools/longtable.sty
Package: longtable 2023-11-01 v4.19 Multi-page Table package (DPC)
\LTleft=\skip55
\LTright=\skip56
\LTpre=\skip57
\LTpost=\skip58
\LTchunksize=\count310
\LTcapwidth=\dimen274
\LT@head=\box72
\LT@firsthead=\box73
\LT@foot=\box74
\LT@lastfoot=\box75
\LT@gbox=\box76
\LT@cols=\count311
\LT@rows=\count312
\c@LT@tables=\count313
\c@LT@chunks=\count314
\LT@p@ftn=\toks41
)
(/usr/share/texlive/texmf-dist/tex/latex/caption/caption.sty
Package: caption 2023/08/05 v3.6o Customizing captions (AR)

(/usr/share/texlive/texmf-dist/tex/latex/caption/caption3.sty
Package: caption3 2023/07/31 v2.4d caption3 kernel (AR)
\caption@tempdima=\dimen275
\captionmargin=\dimen276
\caption@leftmargin=\dimen277
\caption@rightmargin=\dimen278
\caption@width=\dimen279
\caption@indent=\dimen280
\caption@parindent=\dimen281
\caption@hangindent=\dimen282
Package caption Info: Standard document class detected.
)
\c@caption@flags=\count315
\c@continuedfloat=\count316
Package caption Info: float package is loaded.
Package caption Info: hyperref package is loaded.
Package caption Info: longtable package is loaded.

(/usr/share/texlive/texmf-dist/tex/latex/caption/ltcaption.sty
Package: ltcaption 2021/01/08 v1.4c longtable captions (AR)
))
(/usr/share/texlive/texmf-dist/tex/latex/pgfplots/pgfplots.sty
(/usr/share/texlive/texmf-dist/tex/generic/pgfplots/pgfplots.revision.tex)
Package: pgfplots 2021/05/15 v1.18.1 Data Visualization (1.18.1)

(/usr/share/texlive/texmf-dist/tex/latex/pgf/frontendlayer/tikz.sty
(/usr/share/texlive/texmf-dist/tex/latex/pgf/utilities/pgffor.sty
(/usr/share/texlive/texmf-dist/tex/latex/pgf/utilities/pgfkeys.sty
(/usr/share/texlive/texmf-dist/tex/generic/pgf/utilities/pgfkeys.code.tex))
(/usr/share/texlive/texmf-dist/tex/latex/pgf/math/pgfmath.sty
(/usr/share/texlive/texmf-dist/tex/generic/pgf/math/pgfmath.code.tex))
(/usr/share/texlive/texmf-dist/tex/generic/pgf/utilities/pgffor.code.tex
Package: pgffor 2023-01-15 v3.1.10 (3.1.10)
\pgffor@iter=\dimen283
\pgffor@skip=\dimen284
\pgffor@stack=\toks42
\pgffor@toks=\toks43
))
(/usr/share/texlive/texmf-dist/tex/generic/pgf/frontendlayer/tikz/tikz.code.tex
Package: tikz 2023-01-15 v3.1.10 (3.1.10)

(/usr/share/texlive/texmf-dist/tex/generic/pgf/libraries/pgflibraryplothandlers
.code.tex
File: pgflibraryplothandlers.code.tex 2023-01-15 v3.1.10 (3.1.10)
\pgf@plot@mark@count=\count317
\pgfplotmarksize=\dimen285
)
\tikz@lastx=\dimen286
\tikz@lasty=\dimen287
\tikz@lastxsaved=\dimen288
\tikz@lastysaved=\dimen289
\tikz@lastmovetox=\dimen290
\tikz@lastmovetoy=\dimen291
\tikzleveldistance=\dimen292
\tikzsiblingdistance=\dimen293
\tikz@figbox=\box77
\tikz@figbox@bg=\box78
\tikz@tempbox=\box79
\tikz@tempbox@bg=\box80
\tikztreelevel=\count318
\tikznumberofchildren=\count319
\tikznumberofcurrentchild=\count320
\tikz@fig@count=\count321

(/usr/share/texlive/texmf-dist/tex/generic/pgf/modules/pgfmodulematrix.code.tex
File: pgfmodulematrix.code.tex 2023-01-15 v3.1.10 (3.1.10)
\pgfmatrixcurrentrow=\count322
\pgfmatrixcurrentcolumn=\count323
\pgf@matrix@numberofcolumns=\count324
)
\tikz@expandcount=\count325

(/usr/share/texlive/texmf-dist/tex/generic/pgf/frontendlayer/tikz/libraries/tik
zlibrarytopaths.code.tex
File: tikzlibrarytopaths.code.tex 2023-01-15 v3.1.10 (3.1.10)
)))
(/usr/share/texlive/texmf-dist/tex/generic/pgfplots/pgfplots.code.tex
(/usr/share/texlive/texmf-dist/tex/generic/pgfplots/pgfplotscore.code.tex
\t@pgfplots@toka=\toks44
\t@pgfplots@tokb=\toks45
\t@pgfplots@tokc=\toks46
\pgfplots@tmpa=\dimen294
\c@pgfplots@coordindex=\count326
\c@pgfplots@scanlineindex=\count327

(/usr/share/texlive/texmf-dist/tex/generic/pgfplots/sys/pgfplotssysgeneric.code
.tex))
(/usr/share/texlive/texmf-dist/tex/generic/pgfplots/libs/pgfplotslibrary.code.t
ex)
(/usr/share/texlive/texmf-dist/tex/generic/pgfplots/oldpgfcompatib/pgfplotsoldp
gfsupp_loader.code.tex
(/usr/share/texlive/texmf-dist/tex/generic/pgf/libraries/pgflibraryfpu.code.tex
)
Package pgfplots: loading complementary utilities for your pgf version...
\t@pgf@toka=\toks47
\t@pgf@tokb=\toks48
\t@pgf@tokc=\toks49

(/usr/share/texlive/texmf-dist/tex/generic/pgfplots/oldpgfcompatib/pgfplotsoldp
gfsupp_pgfutil-common-lists.tex))
(/usr/share/texlive/texmf-dist/tex/generic/pgfplots/util/pgfplotsutil.code.tex
(/usr/share/texlive/texmf-dist/tex/generic/pgfplots/liststructure/pgfplotslists
tructure.code.tex)
(/usr/share/texlive/texmf-dist/tex/generic/pgfplots/liststructure/pgfplotslists
tructureext.code.tex)
(/usr/share/texlive/texmf-dist/tex/generic/pgfplots/liststructure/pgfplotsarray
.code.tex
\c@pgfplotsarray@tmp=\count328
)
(/usr/share/texlive/texmf-dist/tex/generic/pgfplots/liststructure/pgfplotsmatri
x.code.tex)
(/usr/share/texlive/texmf-dist/tex/generic/pgfplots/numtable/pgfplotstableshare
d.code.tex
\c@pgfplotstable@counta=\count329
\t@pgfplotstable@a=\toks50
)
(/usr/share/texlive/texmf-dist/tex/generic/pgfplots/liststructure/pgfplotsdeque
.code.tex)
(/usr/share/texlive/texmf-dist/tex/generic/pgfplots/util/pgfplotsbinary.code.te
x
(/usr/share/texlive/texmf-dist/tex/generic/pgfplots/util/pgfplotsbinary.data.co
de.tex))
(/usr/share/texlive/texmf-dist/tex/generic/pgfplots/util/pgfplotsutil.verb.code
.tex)
(/usr/share/texlive/texmf-dist/tex/generic/pgfplots/libs/pgflibrarypgfplots.sur
fshading.code.tex
\c@pgfplotslibrarysurf@no=\count330

(/usr/share/texlive/texmf-dist/tex/generic/pgfplots/sys/pgflibrarypgfplots.surf
shading.pgfsys-pdftex.def)))
(/usr/share/texlive/texmf-dist/tex/generic/pgfplots/util/pgfplotscolormap.code.
tex
(/usr/share/texlive/texmf-dist/tex/generic/pgfplots/util/pgfplotscolor.code.tex
))
(/usr/share/texlive/texmf-dist/tex/generic/pgfplots/pgfplotsstackedplots.code.t
ex)
(/usr/share/texlive/texmf-dist/tex/generic/pgfplots/pgfplotsplothandlers.code.t
ex
(/usr/share/texlive/texmf-dist/tex/generic/pgfplots/pgfplotsmeshplothandler.cod
e.tex
(/usr/share/texlive/texmf-dist/tex/generic/pgfplots/pgfplotsmeshplotimage.code.
tex)))
(/usr/share/texlive/texmf-dist/tex/generic/pgfplots/pgfplots.scaling.code.tex)
(/usr/share/texlive/texmf-dist/tex/generic/pgfplots/pgfplotscoordprocessing.cod
e.tex)
(/usr/share/texlive/texmf-dist/tex/generic/pgfplots/pgfplots.errorbars.code.tex
) (/usr/share/texlive/texmf-dist/tex/generic/pgfplots/pgfplots.markers.code.tex
) (/usr/share/texlive/texmf-dist/tex/generic/pgfplots/pgfplotsticks.code.tex)
(/usr/share/texlive/texmf-dist/tex/generic/pgfplots/pgfplots.paths.code.tex)
(/usr/share/texlive/texmf-dist/tex/generic/pgf/frontendlayer/tikz/libraries/tik
zlibrarydecorations.code.tex
(/usr/share/texlive/texmf-dist/tex/generic/pgf/modules/pgfmoduledecorations.cod
e.tex
\pgfdecoratedcompleteddistance=\dimen295
\pgfdecoratedremainingdistance=\dimen296
\pgfdecoratedinputsegmentcompleteddistance=\dimen297
\pgfdecoratedinputsegmentremainingdistance=\dimen298
\pgf@decorate@distancetomove=\dimen299
\pgf@decorate@repeatstate=\count331
\pgfdecorationsegmentamplitude=\dimen300
\pgfdecorationsegmentlength=\dimen301
)
\tikz@lib@dec@box=\box81
)
(/usr/share/texlive/texmf-dist/tex/generic/pgf/frontendlayer/tikz/libraries/tik
zlibrarydecorations.pathmorphing.code.tex
(/usr/share/texlive/texmf-dist/tex/generic/pgf/libraries/decorations/pgflibrary
decorations.pathmorphing.code.tex))
(/usr/share/texlive/texmf-dist/tex/generic/pgf/frontendlayer/tikz/libraries/tik
zlibrarydecorations.pathreplacing.code.tex
(/usr/share/texlive/texmf-dist/tex/generic/pgf/libraries/decorations/pgflibrary
decorations.pathreplacing.code.tex))
(/usr/share/texlive/texmf-dist/tex/generic/pgfplots/libs/tikzlibrarypgfplots.co
ntourlua.code.tex)
\pgfplots@numplots=\count332
\pgfplots@xmin@reg=\dimen302
\pgfplots@xmax@reg=\dimen303
\pgfplots@ymin@reg=\dimen304
\pgfplots@ymax@reg=\dimen305
\pgfplots@zmin@reg=\dimen306
\pgfplots@zmax@reg=\dimen307
)
(/usr/share/texlive/texmf-dist/tex/generic/pgf/frontendlayer/tikz/libraries/tik
zlibraryplotmarks.code.tex
File: tikzlibraryplotmarks.code.tex 2023-01-15 v3.1.10 (3.1.10)

(/usr/share/texlive/texmf-dist/tex/generic/pgf/libraries/pgflibraryplotmarks.co
de.tex
File: pgflibraryplotmarks.code.tex 2023-01-15 v3.1.10 (3.1.10)
))) (/usr/share/texlive/texmf-dist/tex/latex/caption/subcaption.sty
Package: subcaption 2023/07/28 v1.6b Sub-captions (AR)
Package caption Info: New subtype `subfigure' on input line 238.
\c@subfigure=\count333
Package caption Info: New subtype `subtable' on input line 238.
\c@subtable=\count334
)
(/usr/share/texlive/texmf-dist/tex/latex/tools/array.sty
Package: array 2023/10/16 v2.5g Tabular extension package (FMi)
\col@sep=\dimen308
\ar@mcellbox=\box82
\extrarowheight=\dimen309
\NC@list=\toks51
\extratabsurround=\skip59
\backup@length=\skip60
\ar@cellbox=\box83
)
(/usr/share/texlive/texmf-dist/tex/latex/multirow/multirow.sty
Package: multirow 2021/03/15 v2.8 Span multiple rows of a table
\multirow@colwidth=\skip61
\multirow@cntb=\count335
\multirow@dima=\skip62
\bigstrutjot=\dimen310
)
(/usr/share/texlive/texmf-dist/tex/latex/makecell/makecell.sty
Package: makecell 2009/08/03 V0.1e Managing of Tab Column Heads and Cells
\rotheadsize=\dimen311
\c@nlinenum=\count336
\TeXr@lab=\toks52
)
(/usr/share/texlive/texmf-dist/tex/latex/colortbl/colortbl.sty
Package: colortbl 2022/06/20 v1.0f Color table columns (DPC)
\everycr=\toks53
\minrowclearance=\skip63
\rownum=\count337
)
(/usr/share/texlive/texmf-dist/tex/generic/pgf/frontendlayer/tikz/libraries/tik
zlibraryshapes.code.tex
File: tikzlibraryshapes.code.tex 2023-01-15 v3.1.10 (3.1.10)

(/usr/share/texlive/texmf-dist/tex/generic/pgf/frontendlayer/tikz/libraries/tik
zlibraryshapes.geometric.code.tex
File: tikzlibraryshapes.geometric.code.tex 2023-01-15 v3.1.10 (3.1.10)

(/usr/share/texlive/texmf-dist/tex/generic/pgf/libraries/shapes/pgflibraryshape
s.geometric.code.tex
File: pgflibraryshapes.geometric.code.tex 2023-01-15 v3.1.10 (3.1.10)
))
(/usr/share/texlive/texmf-dist/tex/generic/pgf/frontendlayer/tikz/libraries/tik
zlibraryshapes.misc.code.tex
File: tikzlibraryshapes.misc.code.tex 2023-01-15 v3.1.10 (3.1.10)

(/usr/share/texlive/texmf-dist/tex/generic/pgf/libraries/shapes/pgflibraryshape
s.misc.code.tex
File: pgflibraryshapes.misc.code.tex 2023-01-15 v3.1.10 (3.1.10)
))
(/usr/share/texlive/texmf-dist/tex/generic/pgf/frontendlayer/tikz/libraries/tik
zlibraryshapes.symbols.code.tex
File: tikzlibraryshapes.symbols.code.tex 2023-01-15 v3.1.10 (3.1.10)

(/usr/share/texlive/texmf-dist/tex/generic/pgf/libraries/shapes/pgflibraryshape
s.symbols.code.tex
File: pgflibraryshapes.symbols.code.tex 2023-01-15 v3.1.10 (3.1.10)
))
(/usr/share/texlive/texmf-dist/tex/generic/pgf/frontendlayer/tikz/libraries/tik
zlibraryshapes.arrows.code.tex
File: tikzlibraryshapes.arrows.code.tex 2023-01-15 v3.1.10 (3.1.10)

(/usr/share/texlive/texmf-dist/tex/generic/pgf/libraries/shapes/pgflibraryshape
s.arrows.code.tex
File: pgflibraryshapes.arrows.code.tex 2023-01-15 v3.1.10 (3.1.10)
))
(/usr/share/texlive/texmf-dist/tex/generic/pgf/frontendlayer/tikz/libraries/tik
zlibraryshapes.callouts.code.tex
(/usr/share/texlive/texmf-dist/tex/generic/pgf/libraries/shapes/pgflibraryshape
s.callouts.code.tex))
(/usr/share/texlive/texmf-dist/tex/generic/pgf/frontendlayer/tikz/libraries/tik
zlibraryshapes.multipart.code.tex
File: tikzlibraryshapes.multipart.code.tex 2023-01-15 v3.1.10 (3.1.10)

(/usr/share/texlive/texmf-dist/tex/generic/pgf/libraries/shapes/pgflibraryshape
s.multipart.code.tex
File: pgflibraryshapes.multipart.code.tex 2023-01-15 v3.1.10 (3.1.10)
\pgfnodepartlowerbox=\box84
\pgfnodeparttwobox=\box85
\pgfnodepartthreebox=\box86
\pgfnodepartfourbox=\box87
\pgfnodeparttwentybox=\box88
\pgfnodepartnineteenbox=\box89
\pgfnodeparteighteenbox=\box90
\pgfnodepartseventeenbox=\box91
\pgfnodepartsixteenbox=\box92
\pgfnodepartfifteenbox=\box93
\pgfnodepartfourteenbox=\box94
\pgfnodepartthirteenbox=\box95
\pgfnodeparttwelvebox=\box96
\pgfnodepartelevenbox=\box97
\pgfnodeparttenbox=\box98
\pgfnodepartninebox=\box99
\pgfnodeparteightbox=\box100
\pgfnodepartsevenbox=\box101
\pgfnodepartsixbox=\box102
\pgfnodepartfivebox=\box103
)))
(/usr/share/texlive/texmf-dist/tex/generic/pgf/frontendlayer/tikz/libraries/tik
zlibraryarrows.code.tex
File: tikzlibraryarrows.code.tex 2023-01-15 v3.1.10 (3.1.10)

(/usr/share/texlive/texmf-dist/tex/generic/pgf/libraries/pgflibraryarrows.code.
tex
File: pgflibraryarrows.code.tex 2023-01-15 v3.1.10 (3.1.10)
\arrowsize=\dimen312
))
(/usr/share/texlive/texmf-dist/tex/generic/pgf/frontendlayer/tikz/libraries/tik
zlibrarypositioning.code.tex
File: tikzlibrarypositioning.code.tex 2023-01-15 v3.1.10 (3.1.10)
)
(/usr/share/texlive/texmf-dist/tex/generic/pgf/frontendlayer/tikz/libraries/tik
zlibrarycalc.code.tex
File: tikzlibrarycalc.code.tex 2023-01-15 v3.1.10 (3.1.10)
)
(/usr/share/texlive/texmf-dist/tex/generic/pgf/frontendlayer/tikz/libraries/tik
zlibraryfit.code.tex
File: tikzlibraryfit.code.tex 2023-01-15 v3.1.10 (3.1.10)
)
(/usr/share/texlive/texmf-dist/tex/generic/pgf/frontendlayer/tikz/libraries/tik
zlibrarybackgrounds.code.tex
File: tikzlibrarybackgrounds.code.tex 2023-01-15 v3.1.10 (3.1.10)
\pgf@layerbox@background=\box104
\pgf@layerboxsaved@background=\box105
)
(/usr/share/texlive/texmf-dist/tex/generic/pgf/frontendlayer/tikz/libraries/tik
zlibrarymatrix.code.tex
File: tikzlibrarymatrix.code.tex 2023-01-15 v3.1.10 (3.1.10)
)
(/usr/share/texlive/texmf-dist/tex/generic/pgf/frontendlayer/tikz/libraries/tik
zlibraryshadows.code.tex
File: tikzlibraryshadows.code.tex 2023-01-15 v3.1.10 (3.1.10)

(/usr/share/texlive/texmf-dist/tex/generic/pgf/frontendlayer/tikz/libraries/tik
zlibraryfadings.code.tex
File: tikzlibraryfadings.code.tex 2023-01-15 v3.1.10 (3.1.10)

(/usr/share/texlive/texmf-dist/tex/generic/pgf/libraries/pgflibraryfadings.code
.tex
File: pgflibraryfadings.code.tex 2023-01-15 v3.1.10 (3.1.10)
)))
(/usr/share/texlive/texmf-dist/tex/generic/pgf/frontendlayer/tikz/libraries/tik
zlibrarytrees.code.tex
File: tikzlibrarytrees.code.tex 2023-01-15 v3.1.10 (3.1.10)
)
Package hyperref Info: Option `colorlinks' set `true' on input line 33.
LaTeX Font Info:    Trying to load font information for T1+lmr on input line 43
.
 (/usr/share/texmf/tex/latex/lm/t1lmr.fd
File: t1lmr.fd 2015/05/01 v1.6.1 Font defs for Latin Modern
)
(/usr/share/texlive/texmf-dist/tex/latex/l3backend/l3backend-pdftex.def
File: l3backend-pdftex.def 2024-01-04 L3 backend support: PDF output (pdfTeX)
\l__color_backend_stack_int=\count338
\l__pdf_internal_box=\box106
)
(./CV-complete-study-source.aux)
\openout1 = `CV-complete-study-source.aux'.

LaTeX Font Info:    Checking defaults for OML/cmm/m/it on input line 43.
LaTeX Font Info:    ... okay on input line 43.
LaTeX Font Info:    Checking defaults for OMS/cmsy/m/n on input line 43.
LaTeX Font Info:    ... okay on input line 43.
LaTeX Font Info:    Checking defaults for OT1/cmr/m/n on input line 43.
LaTeX Font Info:    ... okay on input line 43.
LaTeX Font Info:    Checking defaults for T1/cmr/m/n on input line 43.
LaTeX Font Info:    ... okay on input line 43.
LaTeX Font Info:    Checking defaults for TS1/cmr/m/n on input line 43.
LaTeX Font Info:    ... okay on input line 43.
LaTeX Font Info:    Checking defaults for OMX/cmex/m/n on input line 43.
LaTeX Font Info:    ... okay on input line 43.
LaTeX Font Info:    Checking defaults for U/cmr/m/n on input line 43.
LaTeX Font Info:    ... okay on input line 43.
LaTeX Font Info:    Checking defaults for PD1/pdf/m/n on input line 43.
LaTeX Font Info:    ... okay on input line 43.
LaTeX Font Info:    Checking defaults for PU/pdf/m/n on input line 43.
LaTeX Font Info:    ... okay on input line 43.

(/usr/share/texlive/texmf-dist/tex/context/base/mkii/supp-pdf.mkii
[Loading MPS to PDF converter (version 2006.09.02).]
\scratchcounter=\count339
\scratchdimen=\dimen313
\scratchbox=\box107
\nofMPsegments=\count340
\nofMParguments=\count341
\everyMPshowfont=\toks54
\MPscratchCnt=\count342
\MPscratchDim=\dimen314
\MPnumerator=\count343
\makeMPintoPDFobject=\count344
\everyMPtoPDFconversion=\toks55
) (/usr/share/texlive/texmf-dist/tex/latex/epstopdf-pkg/epstopdf-base.sty
Package: epstopdf-base 2020-01-24 v2.11 Base part for package epstopdf
Package epstopdf-base Info: Redefining graphics rule for `.eps' on input line 4
85.

(/usr/share/texlive/texmf-dist/tex/latex/latexconfig/epstopdf-sys.cfg
File: epstopdf-sys.cfg 2010/07/13 v1.3 Configuration of (r)epstopdf for TeX Liv
e
))
*geometry* driver: auto-detecting
*geometry* detected driver: pdftex
*geometry* verbose mode - [ preamble ] result:
* driver: pdftex
* paper: a4paper
* layout: <same size as paper>
* layoutoffset:(h,v)=(0.0pt,0.0pt)
* modes: 
* h-part:(L,W,R)=(65.04256pt, 467.42276pt, 65.04256pt)
* v-part:(T,H,B)=(65.04256pt, 714.96173pt, 65.04256pt)
* \paperwidth=597.50787pt
* \paperheight=845.04684pt
* \textwidth=467.42276pt
* \textheight=714.96173pt
* \oddsidemargin=-7.22743pt
* \evensidemargin=-7.22743pt
* \topmargin=-44.22743pt
* \headheight=12.0pt
* \headsep=25.0pt
* \topskip=11.0pt
* \footskip=30.0pt
* \marginparwidth=50.0pt
* \marginparsep=10.0pt
* \columnsep=10.0pt
* \skip\footins=10.0pt plus 4.0pt minus 2.0pt
* \hoffset=0.0pt
* \voffset=0.0pt
* \mag=1000
* \@twocolumnfalse
* \@twosidefalse
* \@mparswitchfalse
* \@reversemarginfalse
* (1in=72.27pt=25.4mm, 1cm=28.453pt)

Package hyperref Info: Link coloring ON on input line 43.
(./CV-complete-study-source.out) (./CV-complete-study-source.out)
\@outlinefile=\write4
\openout4 = `CV-complete-study-source.out'.

Package caption Info: Begin \AtBeginDocument code.
Package caption Info: End \AtBeginDocument code.

Package pgfplots notification 'compat/show suggested version=true': document ha
s been generated with the most recent feature set (\pgfplotsset{compat=1.18}).

LaTeX Font Info:    Trying to load font information for OT1+lmr on input line 4
6.
(/usr/share/texmf/tex/latex/lm/ot1lmr.fd
File: ot1lmr.fd 2015/05/01 v1.6.1 Font defs for Latin Modern
)
LaTeX Font Info:    Trying to load font information for OML+lmm on input line 4
6.

(/usr/share/texmf/tex/latex/lm/omllmm.fd
File: omllmm.fd 2015/05/01 v1.6.1 Font defs for Latin Modern
)
LaTeX Font Info:    Trying to load font information for OMS+lmsy on input line 
46.

(/usr/share/texmf/tex/latex/lm/omslmsy.fd
File: omslmsy.fd 2015/05/01 v1.6.1 Font defs for Latin Modern
)
LaTeX Font Info:    Trying to load font information for OMX+lmex on input line 
46.

(/usr/share/texmf/tex/latex/lm/omxlmex.fd
File: omxlmex.fd 2015/05/01 v1.6.1 Font defs for Latin Modern
)
LaTeX Font Info:    External font `lmex10' loaded for size
(Font)              <12> on input line 46.
LaTeX Font Info:    External font `lmex10' loaded for size
(Font)              <8> on input line 46.
LaTeX Font Info:    External font `lmex10' loaded for size
(Font)              <6> on input line 46.
LaTeX Font Info:    Trying to load font information for U+msa on input line 46.


(/usr/share/texlive/texmf-dist/tex/latex/amsfonts/umsa.fd
File: umsa.fd 2013/01/14 v3.01 AMS symbols A
)
LaTeX Font Info:    Trying to load font information for U+msb on input line 46.


(/usr/share/texlive/texmf-dist/tex/latex/amsfonts/umsb.fd
File: umsb.fd 2013/01/14 v3.01 AMS symbols B
)
(./CV-complete-study-source.toc
LaTeX Font Info:    External font `lmex10' loaded for size
(Font)              <10.95> on input line 2.
 [1

{/var/lib/texmf/fonts/map/pdftex/updmap/pdftex.map}{/usr/share/texmf/fonts/enc/
dvips/lm/lm-ec.enc}] [2])
\tf@toc=\write5
\openout5 = `CV-complete-study-source.toc'.

 [3]
LaTeX Font Info:    Trying to load font information for TS1+lmr on input line 1
17.

(/usr/share/texmf/tex/latex/lm/ts1lmr.fd
File: ts1lmr.fd 2015/05/01 v1.6.1 Font defs for Latin Modern
)
<images/m1_pixel_grid.png, id=522, 355.3275pt x 285.065pt>
File: images/m1_pixel_grid.png Graphic file (type png)
<use images/m1_pixel_grid.png>
Package pdftex.def Info: images/m1_pixel_grid.png  used on input line 137.
(pdftex.def)             Requested size: 257.08394pt x 206.25578pt.
 [4{/usr/share/texmf/fonts/enc/dvips/lm/lm-ts1.enc}{/usr/share/texmf/fonts/enc/
dvips/lm/lm-mathit.enc}{/usr/share/texmf/fonts/enc/dvips/lm/lm-rm.enc}]
<images/m1_sampling_continuous.png, id=532, 705.63625pt x 416.55624pt>
File: images/m1_sampling_continuous.png Graphic file (type png)
<use images/m1_sampling_continuous.png>
Package pdftex.def Info: images/m1_sampling_continuous.png  used on input line 
157.
(pdftex.def)             Requested size: 397.3122pt x 234.54112pt.
 [5 <./images/m1_pixel_grid.png>]
<images/m1_digital_image_pixelated.png, id=539, 587.19376pt x 435.6275pt>
File: images/m1_digital_image_pixelated.png Graphic file (type png)
<use images/m1_digital_image_pixelated.png>
Package pdftex.def Info: images/m1_digital_image_pixelated.png  used on input l
ine 164.
(pdftex.def)             Requested size: 303.82193pt x 225.39758pt.
 [6 <./images/m1_sampling_continuous.png> <./images/m1_digital_image_pixelated.
png>]
[7{/usr/share/texmf/fonts/enc/dvips/lm/lm-mathsy.enc}]

Package caption Warning: \setcaptiontype
(caption)                outside box or environment on input line 268.
See the caption package documentation for explanation.


Package caption Warning: The option `hypcap=true' will be ignored for this
(caption)                particular \caption on input line 268.
See the caption package documentation for explanation.

[8]
<images/m1_blur_vs_sharp.png, id=586, 851.18pt x 434.62375pt>
File: images/m1_blur_vs_sharp.png Graphic file (type png)
<use images/m1_blur_vs_sharp.png>
Package pdftex.def Info: images/m1_blur_vs_sharp.png  used on input line 302.
(pdftex.def)             Requested size: 397.3122pt x 202.87387pt.
<images/m1_salt_pepper_noise.png, id=587, 557.08125pt x 215.80624pt>
File: images/m1_salt_pepper_noise.png Graphic file (type png)
<use images/m1_salt_pepper_noise.png>
Package pdftex.def Info: images/m1_salt_pepper_noise.png  used on input line 30
9.
(pdftex.def)             Requested size: 397.3122pt x 153.9183pt.
<images/m1_segmentation_example.png, id=588, 276.03125pt x 183.68625pt>
File: images/m1_segmentation_example.png Graphic file (type png)
<use images/m1_segmentation_example.png>
Package pdftex.def Info: images/m1_segmentation_example.png  used on input line
 320.
(pdftex.def)             Requested size: 397.3122pt x 264.42107pt.
 [9 <./images/m1_blur_vs_sharp.png> <./images/m1_salt_pepper_noise.png>]
<images/m1_semantic_segmentation.png, id=597, 592.2125pt x 328.22626pt>
File: images/m1_semantic_segmentation.png Graphic file (type png)
<use images/m1_semantic_segmentation.png>
Package pdftex.def Info: images/m1_semantic_segmentation.png  used on input lin
e 327.
(pdftex.def)             Requested size: 397.3122pt x 220.21094pt.

[10 <./images/m1_segmentation_example.png> <./images/m1_semantic_segmentation.p
ng>] [11{/usr/share/texmf/fonts/enc/dvips/lm/lm-mathex.enc}]

Package caption Warning: The option `hypcap=true' will be ignored for this
(caption)                particular \caption on input line 466.
See the caption package documentation for explanation.

[12]
<images/m1_erosion_dilation_letter.png, id=624, 336.50719pt x 211.54031pt>
File: images/m1_erosion_dilation_letter.png Graphic file (type png)
<use images/m1_erosion_dilation_letter.png>
Package pdftex.def Info: images/m1_erosion_dilation_letter.png  used on input l
ine 489.
(pdftex.def)             Requested size: 397.3122pt x 249.76709pt.
<images/m1_morphological_operations.png, id=625, 423.83344pt x 243.91125pt>
File: images/m1_morphological_operations.png Graphic file (type png)
<use images/m1_morphological_operations.png>
Package pdftex.def Info: images/m1_morphological_operations.png  used on input 
line 496.
(pdftex.def)             Requested size: 397.3122pt x 228.65878pt.
 [13 <./images/m1_erosion_dilation_letter.png> <./images/m1_morphological_opera
tions.png>] [14]
<images/m2_occlusion_examples.png, id=647, 760.8425pt x 498.86375pt>
File: images/m2_occlusion_examples.png Graphic file (type png)
<use images/m2_occlusion_examples.png>
Package pdftex.def Info: images/m2_occlusion_examples.png  used on input line 5
77.
(pdftex.def)             Requested size: 397.3122pt x 260.51439pt.
<images/m2_contour_vs_region.png, id=648, 1013.28563pt x 539.01375pt>
File: images/m2_contour_vs_region.png Graphic file (type png)
<use images/m2_contour_vs_region.png>
Package pdftex.def Info: images/m2_contour_vs_region.png  used on input line 58
4.
(pdftex.def)             Requested size: 397.3122pt x 211.3413pt.
 [15 <./images/m2_occlusion_examples.png>]
<images/m2_shape_methods_comparison.png, id=659, 965.85844pt x 380.92313pt>
File: images/m2_shape_methods_comparison.png Graphic file (type png)
<use images/m2_shape_methods_comparison.png>
Package pdftex.def Info: images/m2_shape_methods_comparison.png  used on input 
line 597.
(pdftex.def)             Requested size: 397.3122pt x 156.6968pt.
<images/m2_shape_invariants.png, id=660, 712.91344pt x 439.6425pt>
File: images/m2_shape_invariants.png Graphic file (type png)
<use images/m2_shape_invariants.png>
Package pdftex.def Info: images/m2_shape_invariants.png  used on input line 604
.
(pdftex.def)             Requested size: 397.3122pt x 245.01744pt.
 [16 <./images/m2_contour_vs_region.png> <./images/m2_shape_methods_comparison.
png>]
<images/m2_contour_based_intro.png, id=669, 1025.33063pt x 553.31718pt>
File: images/m2_contour_based_intro.png Graphic file (type png)
<use images/m2_contour_based_intro.png>
Package pdftex.def Info: images/m2_contour_based_intro.png  used on input line 
615.
(pdftex.def)             Requested size: 397.3122pt x 214.40819pt.
<images/m2_contour_representation_S.png, id=670, 704.6325pt x 637.38126pt>
File: images/m2_contour_representation_S.png Graphic file (type png)
<use images/m2_contour_representation_S.png>
Package pdftex.def Info: images/m2_contour_representation_S.png  used on input 
line 622.
(pdftex.def)             Requested size: 397.3122pt x 359.39166pt.
 [17 <./images/m2_shape_invariants.png> <./images/m2_contour_based_intro.png>]
<images/m2_chaincode_directions_8way.png, id=679, 162.6075pt x 162.6075pt>
File: images/m2_chaincode_directions_8way.png Graphic file (type png)
<use images/m2_chaincode_directions_8way.png>
Package pdftex.def Info: images/m2_chaincode_directions_8way.png  used on input
 line 641.
(pdftex.def)             Requested size: 210.3388pt x 210.35507pt.
 [18 <./images/m2_contour_representation_S.png>]
<images/m2_chaincode_contour_compass.png, id=686, 696.6025pt x 252.945pt>
File: images/m2_chaincode_contour_compass.png Graphic file (type png)
<use images/m2_chaincode_contour_compass.png>
Package pdftex.def Info: images/m2_chaincode_contour_compass.png  used on input
 line 648.
(pdftex.def)             Requested size: 397.3122pt x 144.26892pt.
<images/m2_chaincode_4dir_8dir.png, id=687, 683.55376pt x 435.6275pt>
File: images/m2_chaincode_4dir_8dir.png Graphic file (type png)
<use images/m2_chaincode_4dir_8dir.png>
Package pdftex.def Info: images/m2_chaincode_4dir_8dir.png  used on input line 
655.
(pdftex.def)             Requested size: 397.3122pt x 253.20918pt.
 [19 <./images/m2_chaincode_directions_8way.png> <./images/m2_chaincode_contour
_compass.png>]
<images/m2_chaincode_worked_example.png, id=697, 718.685pt x 225.84375pt>
File: images/m2_chaincode_worked_example.png Graphic file (type png)
<use images/m2_chaincode_worked_example.png>
Package pdftex.def Info: images/m2_chaincode_worked_example.png  used on input 
line 662.
(pdftex.def)             Requested size: 397.3122pt x 124.85541pt.
<images/m2_chaincode_tracing_step.png, id=698, 311.66437pt x 192.72pt>
File: images/m2_chaincode_tracing_step.png Graphic file (type png)
<use images/m2_chaincode_tracing_step.png>
Package pdftex.def Info: images/m2_chaincode_tracing_step.png  used on input li
ne 669.
(pdftex.def)             Requested size: 397.3122pt x 245.68385pt.
 [20 <./images/m2_chaincode_4dir_8dir.png> <./images/m2_chaincode_worked_exampl
e.png>]
<images/m2_chaincode_ring_example.png, id=707, 353.06906pt x 214.55156pt>
File: images/m2_chaincode_ring_example.png Graphic file (type png)
<use images/m2_chaincode_ring_example.png>
Package pdftex.def Info: images/m2_chaincode_ring_example.png  used on input li
ne 676.
(pdftex.def)             Requested size: 397.3122pt x 241.43864pt.
<images/m2_chaincode_start_point.png, id=708, 913.4125pt x 697.60625pt>
File: images/m2_chaincode_start_point.png Graphic file (type png)
<use images/m2_chaincode_start_point.png>
Package pdftex.def Info: images/m2_chaincode_start_point.png  used on input lin
e 685.
(pdftex.def)             Requested size: 397.3122pt x 303.43497pt.
 [21 <./images/m2_chaincode_tracing_step.png> <./images/m2_chaincode_ring_examp
le.png>]
<images/m2_chaincode_rotation.png, id=717, 993.7125pt x 417.56pt>
File: images/m2_chaincode_rotation.png Graphic file (type png)
<use images/m2_chaincode_rotation.png>
Package pdftex.def Info: images/m2_chaincode_rotation.png  used on input line 6
92.
(pdftex.def)             Requested size: 350.56706pt x 147.30779pt.
 [22 <./images/m2_chaincode_start_point.png> <./images/m2_chaincode_rotation.pn
g>]
<images/m2_fourier_descriptors_reconstruction.png, id=726, 837.1275pt x 551.058
75pt>
File: images/m2_fourier_descriptors_reconstruction.png Graphic file (type png)
<use images/m2_fourier_descriptors_reconstruction.png>
Package pdftex.def Info: images/m2_fourier_descriptors_reconstruction.png  used
 on input line 745.
(pdftex.def)             Requested size: 467.42276pt x 307.69109pt.
 [23]
<images/m2_geometric_borders.png, id=734, 452.4403pt x 393.72093pt>
File: images/m2_geometric_borders.png Graphic file (type png)
<use images/m2_geometric_borders.png>
Package pdftex.def Info: images/m2_geometric_borders.png  used on input line 76
0.
(pdftex.def)             Requested size: 303.82193pt x 264.38641pt.

[24 <./images/m2_fourier_descriptors_reconstruction.png>]
<images/m2_bspline_representation.png, id=741, 470.50781pt x 400.49625pt>
File: images/m2_bspline_representation.png Graphic file (type png)
<use images/m2_bspline_representation.png>
Package pdftex.def Info: images/m2_bspline_representation.png  used on input li
ne 774.
(pdftex.def)             Requested size: 303.82193pt x 258.61449pt.
 [25 <./images/m2_geometric_borders.png>]
<images/m2_compactness_formula.png, id=749, 189.70876pt x 195.73125pt>
File: images/m2_compactness_formula.png Graphic file (type png)
<use images/m2_compactness_formula.png>
Package pdftex.def Info: images/m2_compactness_formula.png  used on input line 
804.
(pdftex.def)             Requested size: 163.60081pt x 168.79747pt.
 [26 <./images/m2_bspline_representation.png>]
<images/m2_convex_hull_hand.png, id=756, 311.66437pt x 380.92313pt>
File: images/m2_convex_hull_hand.png Graphic file (type png)
<use images/m2_convex_hull_hand.png>
Package pdftex.def Info: images/m2_convex_hull_hand.png  used on input line 829
.
(pdftex.def)             Requested size: 233.71138pt x 285.65094pt.
 [27 <./images/m2_compactness_formula.png>]
<images/m2_skeleton_rag.png, id=763, 987.69pt x 461.47406pt>
File: images/m2_skeleton_rag.png Graphic file (type png)
<use images/m2_skeleton_rag.png>
Package pdftex.def Info: images/m2_skeleton_rag.png  used on input line 842.
(pdftex.def)             Requested size: 397.3122pt x 185.6285pt.
 [28 <./images/m2_convex_hull_hand.png> <./images/m2_skeleton_rag.png>]
<images/m2_region_neighborhood_graph.png, id=772, 1181.41376pt x 482.80376pt>
File: images/m2_region_neighborhood_graph.png Graphic file (type png)
<use images/m2_region_neighborhood_graph.png>
Package pdftex.def Info: images/m2_region_neighborhood_graph.png  used on input
 line 866.
(pdftex.def)             Requested size: 397.3122pt x 162.36829pt.
 [29 <./images/m2_region_neighborhood_graph.png>]
<images/m2_illumination_normalization.png, id=782, 602.25pt x 288.07625pt>
File: images/m2_illumination_normalization.png Graphic file (type png)
<use images/m2_illumination_normalization.png>
Package pdftex.def Info: images/m2_illumination_normalization.png  used on inpu
t line 897.
(pdftex.def)             Requested size: 397.3122pt x 190.05617pt.
 [30 <./images/m2_illumination_normalization.png>] [31]
<images/m2_segmentation_pipeline.png, id=809, 509.905pt x 426.59375pt>
File: images/m2_segmentation_pipeline.png Graphic file (type png)
<use images/m2_segmentation_pipeline.png>
Package pdftex.def Info: images/m2_segmentation_pipeline.png  used on input lin
e 990.
(pdftex.def)             Requested size: 397.3122pt x 332.4098pt.
 [32 <./images/m2_segmentation_pipeline.png>]
<images/m2_pixel_connectivity_flowchart.png, id=821, 551.05875pt x 760.8425pt>
File: images/m2_pixel_connectivity_flowchart.png Graphic file (type png)
<use images/m2_pixel_connectivity_flowchart.png>
Package pdftex.def Info: images/m2_pixel_connectivity_flowchart.png  used on in
put line 1021.
(pdftex.def)             Requested size: 280.4565pt x 387.23509pt.
 [33 <./images/m2_pixel_connectivity_flowchart.png>] [34]
<images/m3_classification_vs_localization.png, id=832, 722.7pt x 429.2838pt>
File: images/m3_classification_vs_localization.png Graphic file (type png)
<use images/m3_classification_vs_localization.png>
Package pdftex.def Info: images/m3_classification_vs_localization.png  used on 
input line 1075.
(pdftex.def)             Requested size: 397.3122pt x 236.00201pt.
 [35 <./images/m3_classification_vs_localization.png>] [36]
<images/m3_rcnn_pipeline.png, id=852, 1269.74374pt x 519.9425pt>
File: images/m3_rcnn_pipeline.png Graphic file (type png)
<use images/m3_rcnn_pipeline.png>
Package pdftex.def Info: images/m3_rcnn_pipeline.png  used on input line 1153.
(pdftex.def)             Requested size: 397.3122pt x 162.69583pt.
<images/m3_one_vs_two_stage_table.png, id=853, 788.9475pt x 303.1325pt>
File: images/m3_one_vs_two_stage_table.png Graphic file (type png)
<use images/m3_one_vs_two_stage_table.png>
Package pdftex.def Info: images/m3_one_vs_two_stage_table.png  used on input li
ne 1160.
(pdftex.def)             Requested size: 397.3122pt x 152.65747pt.
<images/m3_fast_rcnn_pipeline.png, id=854, 962.84718pt x 336.50719pt>
File: images/m3_fast_rcnn_pipeline.png Graphic file (type png)
<use images/m3_fast_rcnn_pipeline.png>
Package pdftex.def Info: images/m3_fast_rcnn_pipeline.png  used on input line 1
180.
(pdftex.def)             Requested size: 397.3122pt x 138.85713pt.
 [37 <./images/m3_rcnn_pipeline.png (PNG copy)> <./images/m3_one_vs_two_stage_t
able.png (PNG copy)>]
<images/m3_rpn_arch.png, id=866, 1455.4375pt x 857.2025pt>
File: images/m3_rpn_arch.png Graphic file (type png)
<use images/m3_rpn_arch.png>
Package pdftex.def Info: images/m3_rpn_arch.png  used on input line 1201.
(pdftex.def)             Requested size: 397.3122pt x 233.99834pt.
<images/m3_rpn_flowchart.png, id=867, 369.63094pt x 548.80031pt>
File: images/m3_rpn_flowchart.png Graphic file (type png)
<use images/m3_rpn_flowchart.png>
Package pdftex.def Info: images/m3_rpn_flowchart.png  used on input line 1208.
(pdftex.def)             Requested size: 397.3122pt x 589.90695pt.
 [38 <./images/m3_fast_rcnn_pipeline.png> <./images/m3_rpn_arch.png (PNG copy)>
]
<images/m3_bbox_transform_formulas.png, id=879, 806.01125pt x 137.51375pt>
File: images/m3_bbox_transform_formulas.png Graphic file (type png)
<use images/m3_bbox_transform_formulas.png>
Package pdftex.def Info: images/m3_bbox_transform_formulas.png  used on input l
ine 1215.
(pdftex.def)             Requested size: 397.3122pt x 67.78519pt.

[39 <./images/m3_rpn_flowchart.png>]
LaTeX Font Info:    External font `lmex10' loaded for size
(Font)              <5> on input line 1229.


Package caption Warning: The option `hypcap=true' will be ignored for this
(caption)                particular \caption on input line 1263.
See the caption package documentation for explanation.


Package caption Warning: The option `hypcap=true' will be ignored for this
(caption)                particular \caption on input line 1324.
See the caption package documentation for explanation.

[40 <./images/m3_bbox_transform_formulas.png (PNG copy)>]
<images/m3_yolo_predictions.png, id=896, 618.05907pt x 444.91219pt>
File: images/m3_yolo_predictions.png Graphic file (type png)
<use images/m3_yolo_predictions.png>
Package pdftex.def Info: images/m3_yolo_predictions.png  used on input line 133
0.
(pdftex.def)             Requested size: 397.3122pt x 286.01233pt.
<images/m3_rpn_with_nms.png, id=897, 853.1875pt x 478.78876pt>
File: images/m3_rpn_with_nms.png Graphic file (type png)
<use images/m3_rpn_with_nms.png>
Package pdftex.def Info: images/m3_rpn_with_nms.png  used on input line 1352.
(pdftex.def)             Requested size: 397.3122pt x 222.96323pt.
 [41 <./images/m3_yolo_predictions.png>]
<images/m3_tp_fp_table.png, id=906, 609.02531pt x 180.675pt>
File: images/m3_tp_fp_table.png Graphic file (type png)
<use images/m3_tp_fp_table.png>
Package pdftex.def Info: images/m3_tp_fp_table.png  used on input line 1389.
(pdftex.def)             Requested size: 397.3122pt x 117.87018pt.
 [42 <./images/m3_rpn_with_nms.png (PNG copy)>]
<images/m3_precision_recall_table.png, id=915, 606.01407pt x 490.83376pt>
File: images/m3_precision_recall_table.png Graphic file (type png)
<use images/m3_precision_recall_table.png>
Package pdftex.def Info: images/m3_precision_recall_table.png  used on input li
ne 1436.
(pdftex.def)             Requested size: 397.3122pt x 321.80179pt.
 [43 <./images/m3_tp_fp_table.png>] [44 <./images/m3_precision_recall_table.png
>]
<images/m3_roi_pooling.png, id=940, 834.11626pt x 436.63126pt>
File: images/m3_roi_pooling.png Graphic file (type png)
<use images/m3_roi_pooling.png>
Package pdftex.def Info: images/m3_roi_pooling.png  used on input line 1504.
(pdftex.def)             Requested size: 397.3122pt x 207.98163pt.
 [45]
<images/m3_roi_align.png, id=948, 1338.50063pt x 699.36281pt>
File: images/m3_roi_align.png Graphic file (type png)
<use images/m3_roi_align.png>
Package pdftex.def Info: images/m3_roi_align.png  used on input line 1511.
(pdftex.def)             Requested size: 397.3122pt x 207.5908pt.
<images/m3_mask_rcnn_arch.png, id=949, 666.3294pt x 357.9774pt>
File: images/m3_mask_rcnn_arch.png Graphic file (type png)
<use images/m3_mask_rcnn_arch.png>
Package pdftex.def Info: images/m3_mask_rcnn_arch.png  used on input line 1520.

(pdftex.def)             Requested size: 397.3122pt x 213.45529pt.

[46 <./images/m3_roi_pooling.png> <./images/m3_roi_align.png>]
<images/m3_semantic_vs_instance_seg.png, id=958, 666.3294pt x 306.9066pt>
File: images/m3_semantic_vs_instance_seg.png Graphic file (type png)
<use images/m3_semantic_vs_instance_seg.png>
Package pdftex.def Info: images/m3_semantic_vs_instance_seg.png  used on input 
line 1529.
(pdftex.def)             Requested size: 397.3122pt x 183.00272pt.
<images/m3_siamese_network.png, id=959, 863.225pt x 565.11125pt>
File: images/m3_siamese_network.png Graphic file (type png)
<use images/m3_siamese_network.png>
Package pdftex.def Info: images/m3_siamese_network.png  used on input line 1538
.
(pdftex.def)             Requested size: 397.3122pt x 260.1009pt.
 [47 <./images/m3_mask_rcnn_arch.png> <./images/m3_semantic_vs_instance_seg.png
>]
<images/m3_siamese_training.png, id=968, 1280.785pt x 685.56125pt>
File: images/m3_siamese_training.png Graphic file (type png)
<use images/m3_siamese_training.png>
Package pdftex.def Info: images/m3_siamese_training.png  used on input line 154
5.
(pdftex.def)             Requested size: 397.3122pt x 212.65778pt.
<images/m3_zsl_osl_fsl_table.png, id=969, 626.34pt x 246.9225pt>
File: images/m3_zsl_osl_fsl_table.png Graphic file (type png)
<use images/m3_zsl_osl_fsl_table.png>
Package pdftex.def Info: images/m3_zsl_osl_fsl_table.png  used on input line 15
54.
(pdftex.def)             Requested size: 397.3122pt x 156.63579pt.
 [48 <./images/m3_siamese_network.png> <./images/m3_siamese_training.png>] [49 
<./images/m3_zsl_osl_fsl_table.png>]
<images/m4_gan_overview.png, id=983, 803.0pt x 401.5pt>
File: images/m4_gan_overview.png Graphic file (type png)
<use images/m4_gan_overview.png>
Package pdftex.def Info: images/m4_gan_overview.png  used on input line 1610.
(pdftex.def)             Requested size: 397.3122pt x 198.6604pt.
<images/m4_gan_block_diagram.png, id=984, 911.405pt x 419.5675pt>
File: images/m4_gan_block_diagram.png Graphic file (type png)
<use images/m4_gan_block_diagram.png>
Package pdftex.def Info: images/m4_gan_block_diagram.png  used on input line 16
17.
(pdftex.def)             Requested size: 397.3122pt x 182.9073pt.
 [50 <./images/m4_gan_overview.png (PNG copy)> <./images/m4_gan_block_diagram.p
ng>] [51]
<images/m4_dcgan_arch.png, id=1004, 475.7775pt x 250.9375pt>
File: images/m4_dcgan_arch.png Graphic file (type png)
<use images/m4_dcgan_arch.png>
Package pdftex.def Info: images/m4_dcgan_arch.png  used on input line 1688.
(pdftex.def)             Requested size: 397.3122pt x 209.56078pt.
<images/m4_conditional_gan.png, id=1005, 809.0225pt x 256.96pt>
File: images/m4_conditional_gan.png Graphic file (type png)
<use images/m4_conditional_gan.png>
Package pdftex.def Info: images/m4_conditional_gan.png  used on input line 1695
.
(pdftex.def)             Requested size: 397.3122pt x 126.1938pt.
 [52 <./images/m4_dcgan_arch.png (PNG copy)>]
<images/m4_dcgan_training_steps.png, id=1012, 853.1875pt x 447.6725pt>
File: images/m4_dcgan_training_steps.png Graphic file (type png)
<use images/m4_dcgan_training_steps.png>
Package pdftex.def Info: images/m4_dcgan_training_steps.png  used on input line
 1702.
(pdftex.def)             Requested size: 397.3122pt x 208.47295pt.
<images/m4_fid_formula.png, id=1013, 481.8pt x 120.45pt>
File: images/m4_fid_formula.png Graphic file (type png)
<use images/m4_fid_formula.png>
Package pdftex.def Info: images/m4_fid_formula.png  used on input line 1709.
(pdftex.def)             Requested size: 397.3122pt x 99.33018pt.

[53 <./images/m4_conditional_gan.png (PNG copy)> <./images/m4_dcgan_training_st
eps.png (PNG copy)> <./images/m4_fid_formula.png>] [54] [55]
<images/m5_classification_detection_segmentation.png, id=1041, 1205.50375pt x 5
02.87875pt>
File: images/m5_classification_detection_segmentation.png Graphic file (type pn
g)
<use images/m5_classification_detection_segmentation.png>
Package pdftex.def Info: images/m5_classification_detection_segmentation.png  u
sed on input line 1827.
(pdftex.def)             Requested size: 397.3122pt x 165.73564pt.
 [56]
<images/m5_semantic_instance_panoptic.png, id=1046, 770.88pt x 653.44125pt>
File: images/m5_semantic_instance_panoptic.png Graphic file (type png)
<use images/m5_semantic_instance_panoptic.png>
Package pdftex.def Info: images/m5_semantic_instance_panoptic.png  used on inpu
t line 1834.
(pdftex.def)             Requested size: 397.3122pt x 336.78026pt.
<images/m5_image_pyramid_levels.png, id=1047, 1027.84pt x 1027.84pt>
File: images/m5_image_pyramid_levels.png Graphic file (type png)
<use images/m5_image_pyramid_levels.png>
Package pdftex.def Info: images/m5_image_pyramid_levels.png  used on input line
 1841.
(pdftex.def)             Requested size: 233.71138pt x 233.70065pt.
 [57 <./images/m5_classification_detection_segmentation.png> <./images/m5_seman
tic_instance_panoptic.png (PNG copy)>]
<images/m5_fpn_arch.png, id=1055, 481.8pt x 202.7575pt>
File: images/m5_fpn_arch.png Graphic file (type png)
<use images/m5_fpn_arch.png>
Package pdftex.def Info: images/m5_fpn_arch.png  used on input line 1848.
(pdftex.def)             Requested size: 397.3122pt x 167.20584pt.
<images/m5_pspnet_arch.png, id=1056, 650.43pt x 272.6988pt>
File: images/m5_pspnet_arch.png Graphic file (type png)
<use images/m5_pspnet_arch.png>
Package pdftex.def Info: images/m5_pspnet_arch.png  used on input line 1859.
(pdftex.def)             Requested size: 397.3122pt x 166.57903pt.
 [58 <./images/m5_image_pyramid_levels.png (PNG copy)> <./images/m5_fpn_arch.pn
g (PNG copy)>]
<images/m5_pspnet_pipeline.png, id=1063, 253.94875pt x 551.05875pt>
File: images/m5_pspnet_pipeline.png Graphic file (type png)
<use images/m5_pspnet_pipeline.png>
Package pdftex.def Info: images/m5_pspnet_pipeline.png  used on input line 1866
.
(pdftex.def)             Requested size: 280.4565pt x 608.60493pt.
 [59 <./images/m5_pspnet_arch.png>]
[60 <./images/m5_pspnet_pipeline.png (PNG copy)>]
<images/m5_unet_arch.png, id=1075, 1405.25pt x 917.4275pt>
File: images/m5_unet_arch.png Graphic file (type png)
<use images/m5_unet_arch.png>
Package pdftex.def Info: images/m5_unet_arch.png  used on input line 1881.
(pdftex.def)             Requested size: 397.3122pt x 259.38373pt.
<images/m5_unet_pspnet_fpn_comparison.png, id=1076, 756.8275pt x 292.09125pt>
File: images/m5_unet_pspnet_fpn_comparison.png Graphic file (type png)
<use images/m5_unet_pspnet_fpn_comparison.png>
Package pdftex.def Info: images/m5_unet_pspnet_fpn_comparison.png  used on inpu
t line 1888.
(pdftex.def)             Requested size: 397.3122pt x 153.34128pt.
 [61 <./images/m5_unet_arch.png (PNG copy)> <./images/m5_unet_pspnet_fpn_compar
ison.png (PNG copy)>] [62]
[63] [64]
<images/m6_brightness_constancy.png, id=1100, 381.425pt x 232.87pt>
File: images/m6_brightness_constancy.png Graphic file (type png)
<use images/m6_brightness_constancy.png>
Package pdftex.def Info: images/m6_brightness_constancy.png  used on input line
 2017.
(pdftex.def)             Requested size: 327.1945pt x 199.76682pt.
 [65 <./images/m6_brightness_constancy.png (PNG copy)>]
<images/m6_lk_vs_hs_table.png, id=1109, 759.83875pt x 439.6425pt>
File: images/m6_lk_vs_hs_table.png Graphic file (type png)
<use images/m6_lk_vs_hs_table.png>
Package pdftex.def Info: images/m6_lk_vs_hs_table.png  used on input line 2040.

(pdftex.def)             Requested size: 397.3122pt x 229.89pt.
 [66 <./images/m6_lk_vs_hs_table.png (PNG copy)>]
LaTeX Font Info:    External font `lmex10' loaded for size
(Font)              <10> on input line 2101.
LaTeX Font Info:    External font `lmex10' loaded for size
(Font)              <7> on input line 2101.


Package caption Warning: The option `hypcap=true' will be ignored for this
(caption)                particular \caption on input line 2132.
See the caption package documentation for explanation.

[67] [68] [69] [70] (./CV-complete-study-source.aux)
 ***********
LaTeX2e <2023-11-01> patch level 1
L3 programming layer <2024-01-22>
 ***********


LaTeX Warning: Label(s) may have changed. Rerun to get cross-references right.

Package rerunfilecheck Info: File `CV-complete-study-source.out' has not change
d.
(rerunfilecheck)             Checksum: 7EF37732ECAD57C1F729B8C12F33DCB8;19550.
 ) 
Here is how much of TeX's memory you used:
 39355 strings out of 476106
 930139 string characters out of 5793933
 1950975 words of memory out of 5000000
 60351 multiletter control sequences out of 15000+600000
 634013 words of font info for 90 fonts, out of 8000000 for 9000
 59 hyphenation exceptions out of 8191
 83i,9n,93p,745b,780s stack positions out of 10000i,1000n,20000p,200000b,200000s
</usr/share/texmf/fonts/type1/public/lm/lmbx10.pfb></usr/share/texmf/fonts/ty
pe1/public/lm/lmbx12.pfb></usr/share/texmf/fonts/type1/public/lm/lmbx8.pfb></us
r/share/texmf/fonts/type1/public/lm/lmex10.pfb></usr/share/texmf/fonts/type1/pu
blic/lm/lmmi10.pfb></usr/share/texmf/fonts/type1/public/lm/lmmi6.pfb></usr/shar
e/texmf/fonts/type1/public/lm/lmmi8.pfb></usr/share/texmf/fonts/type1/public/lm
/lmr10.pfb></usr/share/texmf/fonts/type1/public/lm/lmr12.pfb></usr/share/texmf/
fonts/type1/public/lm/lmr6.pfb></usr/share/texmf/fonts/type1/public/lm/lmr8.pfb
></usr/share/texmf/fonts/type1/public/lm/lmri10.pfb></usr/share/texmf/fonts/typ
e1/public/lm/lmsy10.pfb></usr/share/texmf/fonts/type1/public/lm/lmsy8.pfb></usr
/share/texlive/texmf-dist/fonts/type1/public/amsfonts/symbols/msbm10.pfb>
Output written on CV-complete-study-source.pdf (70 pages, 16880486 bytes).
PDF statistics:
 1302 PDF objects out of 1440 (max. 8388607)
 1056 compressed objects within 11 object streams
 375 named destinations out of 1000 (max. 500000)
 1196 words of extra memory for PDF output out of 10000 (max. 10000000)

